#
# There is insufficient memory for the Java Runtime Environment to continue.
# Native memory allocation (malloc) failed to allocate 1312016 bytes for Chunk::new
# Possible reasons:
#   The system is out of physical RAM or swap space
#   In 32 bit mode, the process size limit was hit
# Possible solutions:
#   Reduce memory load on the system
#   Increase physical memory or swap space
#   Check if swap backing store is full
#   Use 64 bit Java on a 64 bit OS
#   Decrease Java heap size (-Xmx/-Xms)
#   Decrease number of Java threads
#   Decrease Java thread stack sizes (-Xss)
#   Set larger code cache with -XX:ReservedCodeCacheSize=
# This output file may be truncated or incomplete.
#
#  Out of Memory Error (allocation.cpp:390), pid=28728, tid=0x0000000000008360
#
# JRE version: OpenJDK Runtime Environment (8.0_152-b02) (build 1.8.0_152-release-1024-b02)
# Java VM: OpenJDK 64-Bit Server VM (25.152-b02 mixed mode windows-amd64 compressed oops)
# Failed to write core dump. Minidumps are not enabled by default on client versions of Windows
#

---------------  T H R E A D  ---------------

Current thread (0x0000000015de5000):  JavaThread "C2 CompilerThread1" daemon [_thread_in_native, id=33632, stack(0x0000000017520000,0x0000000017620000)]

Stack: [0x0000000017520000,0x0000000017620000]
[error occurred during error reporting (printing stack bounds), id 0xc0000005]

Native frames: (J=compiled Java code, j=interpreted, Vv=VM code, C=native code)


Current CompileTask:
C2: 833837 24003       4       com.android.tools.r8.ir.regalloc.LinearScanRegisterAllocator::allocateSingleInterval (807 bytes)


---------------  P R O C E S S  ---------------

Java Threads: ( => current thread )
  0x000000001ae08000 JavaThread "pool-12-thread-2" [_thread_in_Java, id=31700, stack(0x000000003e830000,0x000000003e930000)]
  0x000000001ae09800 JavaThread "pool-13-thread-2" [_thread_in_Java, id=31616, stack(0x000000003e730000,0x000000003e830000)]
  0x000000001ae0e800 JavaThread "pool-11-thread-2" [_thread_in_Java, id=20484, stack(0x000000003e630000,0x000000003e730000)]
  0x000000001ae0d000 JavaThread "pool-12-thread-1" [_thread_in_native_trans, id=30820, stack(0x000000003e530000,0x000000003e630000)]
  0x000000001d544000 JavaThread "pool-11-thread-1" [_thread_in_Java, id=2064, stack(0x000000003e430000,0x000000003e530000)]
  0x000000001d549000 JavaThread "pool-13-thread-1" [_thread_in_Java, id=33528, stack(0x000000003e330000,0x000000003e430000)]
  0x000000001d548800 JavaThread "ForkJoinPool.commonPool-worker-3" daemon [_thread_blocked, id=16148, stack(0x000000003e230000,0x000000003e330000)]
  0x000000001d546000 JavaThread "Worker Daemon Execution" [_thread_blocked, id=21972, stack(0x000000003e130000,0x000000003e230000)]
  0x000000001d545800 JavaThread "ForkJoinPool.commonPool-worker-2" daemon [_thread_blocked, id=27908, stack(0x000000003e030000,0x000000003e130000)]
  0x000000001d53c800 JavaThread "ForkJoinPool.commonPool-worker-1" daemon [_thread_blocked, id=2060, stack(0x000000003df30000,0x000000003e030000)]
  0x000000001d543000 JavaThread "Cache worker for Java compile cache (P:\Android Advanced\MyDynamicCalendarLibrary-master\MyDynamicCalendarLibrary-master\.gradle\4.4\javaCompile)" [_thread_blocked, id=17892, stack(0x000000003de30000,0x000000003df30000)]
  0x000000001d541800 JavaThread "Task worker for ':' Thread 3" [_thread_blocked, id=28960, stack(0x000000003dd30000,0x000000003de30000)]
  0x000000001d541000 JavaThread "Task worker for ':' Thread 2" [_thread_blocked, id=27632, stack(0x000000003dc30000,0x000000003dd30000)]
  0x000000001d542800 JavaThread "Task worker for ':'" [_thread_blocked, id=2232, stack(0x000000003db30000,0x000000003dc30000)]
  0x000000001d53d000 JavaThread "Cache worker for Build Output Cleanup Cache (P:\Android Advanced\MyDynamicCalendarLibrary-master\MyDynamicCalendarLibrary-master\.gradle\buildOutputCleanup)" [_thread_blocked, id=29372, stack(0x000000003da30000,0x000000003db30000)]
  0x000000001d53b000 JavaThread "Cache worker for task history cache (P:\Android Advanced\MyDynamicCalendarLibrary-master\MyDynamicCalendarLibrary-master\.gradle\4.4\taskHistory)" [_thread_blocked, id=31512, stack(0x000000003d930000,0x000000003da30000)]
  0x000000001d53f800 JavaThread "Cache worker for file content cache (P:\Android Advanced\MyDynamicCalendarLibrary-master\MyDynamicCalendarLibrary-master\.gradle\4.4\fileContent)" [_thread_blocked, id=33104, stack(0x000000003d830000,0x000000003d930000)]
  0x000000001d53b800 JavaThread "build operations Thread 4" [_thread_blocked, id=31868, stack(0x000000003d730000,0x000000003d830000)]
  0x000000001d49e800 JavaThread "build operations Thread 3" [_thread_blocked, id=24040, stack(0x000000003d630000,0x000000003d730000)]
  0x000000001d4a3800 JavaThread "build operations Thread 2" [_thread_blocked, id=32456, stack(0x000000003d530000,0x000000003d630000)]
  0x000000001d4a2000 JavaThread "build operations" [_thread_blocked, id=31860, stack(0x000000003d430000,0x000000003d530000)]
  0x000000001d4a0000 JavaThread "Cache worker for Artifact transforms cache (C:\Users\Huu Ty\.gradle\caches\transforms-1)" [_thread_blocked, id=7468, stack(0x000000003d330000,0x000000003d430000)]
  0x000000001d4a2800 JavaThread "Cache worker for file hash cache (P:\Android Advanced\MyDynamicCalendarLibrary-master\MyDynamicCalendarLibrary-master\.gradle\4.4\fileHashes)" [_thread_blocked, id=25280, stack(0x000000003d230000,0x000000003d330000)]
  0x000000001d498800 JavaThread "Stdin handler" [_thread_blocked, id=26696, stack(0x000000003d130000,0x000000003d230000)]
  0x000000001d49e000 JavaThread "Asynchronous log dispatcher for DefaultDaemonConnection: socket connection from /127.0.0.1:8100 to /127.0.0.1:8393" [_thread_blocked, id=32000, stack(0x000000003d030000,0x000000003d130000)]
  0x000000001d49c800 JavaThread "Cancel handler" [_thread_blocked, id=28172, stack(0x000000003cf30000,0x000000003d030000)]
  0x000000001d49f800 JavaThread "Handler for socket connection from /127.0.0.1:8100 to /127.0.0.1:8393" [_thread_in_native, id=32256, stack(0x000000003ce30000,0x000000003cf30000)]
  0x000000001d494000 JavaThread "Daemon worker Thread 4" [_thread_blocked, id=32284, stack(0x0000000038830000,0x0000000038930000)]
  0x000000001d497000 JavaThread "Daemon Thread 4" [_thread_blocked, id=19552, stack(0x0000000038530000,0x0000000038630000)]
  0x000000001d49b000 JavaThread "Memory manager" [_thread_blocked, id=24080, stack(0x0000000020820000,0x0000000020920000)]
  0x000000001ae8e000 JavaThread "File lock request listener" [_thread_in_native, id=23256, stack(0x000000001b840000,0x000000001b940000)]
  0x0000000018cd6000 JavaThread "Cache worker for file hash cache (C:\Users\Huu Ty\.gradle\caches\4.4\fileHashes)" [_thread_blocked, id=31436, stack(0x000000001b740000,0x000000001b840000)]
  0x00000000190a8000 JavaThread "Daemon periodic checks" [_thread_blocked, id=27376, stack(0x0000000019c70000,0x0000000019d70000)]
  0x00000000190a4800 JavaThread "Incoming local TCP Connector on port 8100" [_thread_in_native, id=33284, stack(0x0000000019a30000,0x0000000019b30000)]
  0x0000000017751800 JavaThread "Service Thread" daemon [_thread_blocked, id=28768, stack(0x0000000017b20000,0x0000000017c20000)]
  0x0000000015dec800 JavaThread "C1 CompilerThread2" daemon [_thread_blocked, id=21844, stack(0x0000000017620000,0x0000000017720000)]
=>0x0000000015de5000 JavaThread "C2 CompilerThread1" daemon [_thread_in_native, id=33632, stack(0x0000000017520000,0x0000000017620000)]
  0x0000000015de0800 JavaThread "C2 CompilerThread0" daemon [_thread_in_native, id=28272, stack(0x0000000017420000,0x0000000017520000)]
  0x0000000015ddf000 JavaThread "Attach Listener" daemon [_thread_blocked, id=29208, stack(0x0000000017320000,0x0000000017420000)]
  0x0000000015ddc000 JavaThread "Signal Dispatcher" daemon [_thread_blocked, id=21524, stack(0x0000000017220000,0x0000000017320000)]
  0x000000000246d000 JavaThread "Finalizer" daemon [_thread_blocked, id=7272, stack(0x0000000017030000,0x0000000017130000)]
  0x0000000002462000 JavaThread "Reference Handler" daemon [_thread_blocked, id=31092, stack(0x0000000016f30000,0x0000000017030000)]
  0x0000000002372800 JavaThread "main" [_thread_blocked, id=11464, stack(0x0000000002270000,0x0000000002370000)]

Other Threads:
  0x0000000015da6800 VMThread [stack: 0x0000000016e30000,0x0000000016f30000] [id=17560]
  0x0000000017752000 WatcherThread [stack: 0x0000000017c20000,0x0000000017d20000] [id=18832]

VM state:not at safepoint (normal execution)

VM Mutex/Monitor currently owned by a thread: None

Heap:
 PSYoungGen      total 244224K, used 148993K [0x00000000e0000000, 0x00000000f4000000, 0x0000000100000000)
  eden space 217600K, 68% used [0x00000000e0000000,0x00000000e9180620,0x00000000ed480000)
  from space 26624K, 0% used [0x00000000ed480000,0x00000000ed480000,0x00000000eee80000)
  to   space 28160K, 0% used [0x00000000f2480000,0x00000000f2480000,0x00000000f4000000)
 ParOldGen       total 123904K, used 79485K [0x00000000a0000000, 0x00000000a7900000, 0x00000000e0000000)
  object space 123904K, 64% used [0x00000000a0000000,0x00000000a4d9f688,0x00000000a7900000)
 Metaspace       used 94276K, capacity 101412K, committed 101888K, reserved 1138688K
  class space    used 11831K, capacity 13405K, committed 13568K, reserved 1048576K

Card table byte_map: [0x0000000011830000,0x0000000011b40000] byte_map_base: 0x0000000011330000

Marking Bits: (ParMarkBitMap*) 0x000000006bda4970
 Begin Bits: [0x0000000012140000, 0x0000000013940000)
 End Bits:   [0x0000000013940000, 0x0000000015140000)

Polling page: 0x0000000000420000

CodeCache: size=245760Kb used=70014Kb max_used=70967Kb free=175745Kb
 bounds [0x0000000002470000, 0x0000000006a20000, 0x0000000011470000]
 total_blobs=20324 nmethods=19444 adapters=790
 compilation: enabled

Compilation events (10 events):
Event: 833.639 Thread 0x0000000015dec800 24446       2       com.android.tools.r8.ir.conversion.IRBuilder::closeCurrentBlockWithFallThrough (81 bytes)
Event: 833.640 Thread 0x0000000015dec800 nmethod 24446 0x00000000036c6b10 code [0x00000000036c6d00, 0x00000000036c7158]
Event: 833.640 Thread 0x0000000015dec800 24447       2       com.android.tools.r8.ir.code.Instruction::hasInValueWithLocalInfo (43 bytes)
Event: 833.641 Thread 0x0000000015dec800 nmethod 24447 0x00000000036c6510 code [0x00000000036c66a0, 0x00000000036c6968]
Event: 833.641 Thread 0x0000000015dec800 24448       2       com.android.tools.r8.ir.optimize.CodeRewriter::simplifyIf (468 bytes)
Event: 833.645 Thread 0x0000000015dec800 nmethod 24448 0x00000000036c2fd0 code [0x00000000036c3500, 0x00000000036c4998]
Event: 833.645 Thread 0x0000000015dec800 24449       2       java.util.stream.SortedOps$OfRef::<init> (32 bytes)
Event: 833.646 Thread 0x0000000015dec800 nmethod 24449 0x00000000036c2a90 code [0x00000000036c2c00, 0x00000000036c2e78]
Event: 833.646 Thread 0x0000000015dec800 24450       2       java.util.stream.SliceOps::makeRef (51 bytes)
Event: 833.647 Thread 0x0000000015dec800 nmethod 24450 0x00000000036c20d0 code [0x00000000036c2280, 0x00000000036c2748]

GC Heap History (10 events):
Event: 789.683 GC heap before
{Heap before GC invocations=29 (full 3):
 PSYoungGen      total 250368K, used 250288K [0x00000000e0000000, 0x00000000f1880000, 0x0000000100000000)
  eden space 242688K, 100% used [0x00000000e0000000,0x00000000eed00000,0x00000000eed00000)
  from space 7680K, 98% used [0x00000000efc80000,0x00000000f03ec020,0x00000000f0400000)
  to   space 20992K, 0% used [0x00000000f0400000,0x00000000f0400000,0x00000000f1880000)
 ParOldGen       total 123904K, used 67439K [0x00000000a0000000, 0x00000000a7900000, 0x00000000e0000000)
  object space 123904K, 54% used [0x00000000a0000000,0x00000000a41dbd20,0x00000000a7900000)
 Metaspace       used 85533K, capacity 92728K, committed 92928K, reserved 1130496K
  class space    used 10833K, capacity 12461K, committed 12544K, reserved 1048576K
Event: 789.706 GC heap after
Heap after GC invocations=29 (full 3):
 PSYoungGen      total 247296K, used 12903K [0x00000000e0000000, 0x00000000f1100000, 0x0000000100000000)
  eden space 233984K, 0% used [0x00000000e0000000,0x00000000e0000000,0x00000000ee480000)
  from space 13312K, 96% used [0x00000000f0400000,0x00000000f1099ca0,0x00000000f1100000)
  to   space 22016K, 0% used [0x00000000ee600000,0x00000000ee600000,0x00000000efb80000)
 ParOldGen       total 123904K, used 67447K [0x00000000a0000000, 0x00000000a7900000, 0x00000000e0000000)
  object space 123904K, 54% used [0x00000000a0000000,0x00000000a41ddd20,0x00000000a7900000)
 Metaspace       used 85533K, capacity 92728K, committed 92928K, reserved 1130496K
  class space    used 10833K, capacity 12461K, committed 12544K, reserved 1048576K
}
Event: 821.867 GC heap before
{Heap before GC invocations=30 (full 3):
 PSYoungGen      total 247296K, used 246887K [0x00000000e0000000, 0x00000000f1100000, 0x0000000100000000)
  eden space 233984K, 100% used [0x00000000e0000000,0x00000000ee480000,0x00000000ee480000)
  from space 13312K, 96% used [0x00000000f0400000,0x00000000f1099ca0,0x00000000f1100000)
  to   space 22016K, 0% used [0x00000000ee600000,0x00000000ee600000,0x00000000efb80000)
 ParOldGen       total 123904K, used 67447K [0x00000000a0000000, 0x00000000a7900000, 0x00000000e0000000)
  object space 123904K, 54% used [0x00000000a0000000,0x00000000a41ddd20,0x00000000a7900000)
 Metaspace       used 86218K, capacity 93346K, committed 93440K, reserved 1130496K
  class space    used 10871K, capacity 12532K, committed 12544K, reserved 1048576K
Event: 821.894 GC heap after
Heap after GC invocations=30 (full 3):
 PSYoungGen      total 240128K, used 14218K [0x00000000e0000000, 0x00000000f0780000, 0x0000000100000000)
  eden space 225792K, 0% used [0x00000000e0000000,0x00000000e0000000,0x00000000edc80000)
  from space 14336K, 99% used [0x00000000ee600000,0x00000000ef3e2ba0,0x00000000ef400000)
  to   space 19968K, 0% used [0x00000000ef400000,0x00000000ef400000,0x00000000f0780000)
 ParOldGen       total 123904K, used 67455K [0x00000000a0000000, 0x00000000a7900000, 0x00000000e0000000)
  object space 123904K, 54% used [0x00000000a0000000,0x00000000a41dfd20,0x00000000a7900000)
 Metaspace       used 86218K, capacity 93346K, committed 93440K, reserved 1130496K
  class space    used 10871K, capacity 12532K, committed 12544K, reserved 1048576K
}
Event: 829.869 GC heap before
{Heap before GC invocations=31 (full 3):
 PSYoungGen      total 240128K, used 240010K [0x00000000e0000000, 0x00000000f0780000, 0x0000000100000000)
  eden space 225792K, 100% used [0x00000000e0000000,0x00000000edc80000,0x00000000edc80000)
  from space 14336K, 99% used [0x00000000ee600000,0x00000000ef3e2ba0,0x00000000ef400000)
  to   space 19968K, 0% used [0x00000000ef400000,0x00000000ef400000,0x00000000f0780000)
 ParOldGen       total 123904K, used 67455K [0x00000000a0000000, 0x00000000a7900000, 0x00000000e0000000)
  object space 123904K, 54% used [0x00000000a0000000,0x00000000a41dfd20,0x00000000a7900000)
 Metaspace       used 88379K, capacity 95866K, committed 96128K, reserved 1132544K
  class space    used 11161K, capacity 12888K, committed 12928K, reserved 1048576K
Event: 829.908 GC heap after
Heap after GC invocations=31 (full 3):
 PSYoungGen      total 237568K, used 19960K [0x00000000e0000000, 0x00000000f0880000, 0x0000000100000000)
  eden space 217600K, 0% used [0x00000000e0000000,0x00000000e0000000,0x00000000ed480000)
  from space 19968K, 99% used [0x00000000ef400000,0x00000000f077e3d0,0x00000000f0780000)
  to   space 26624K, 0% used [0x00000000ed480000,0x00000000ed480000,0x00000000eee80000)
 ParOldGen       total 123904K, used 73346K [0x00000000a0000000, 0x00000000a7900000, 0x00000000e0000000)
  object space 123904K, 59% used [0x00000000a0000000,0x00000000a47a0ac0,0x00000000a7900000)
 Metaspace       used 88379K, capacity 95866K, committed 96128K, reserved 1132544K
  class space    used 11161K, capacity 12888K, committed 12928K, reserved 1048576K
}
Event: 830.264 GC heap before
{Heap before GC invocations=32 (full 3):
 PSYoungGen      total 237568K, used 37052K [0x00000000e0000000, 0x00000000f0880000, 0x0000000100000000)
  eden space 217600K, 7% used [0x00000000e0000000,0x00000000e10b0fe0,0x00000000ed480000)
  from space 19968K, 99% used [0x00000000ef400000,0x00000000f077e3d0,0x00000000f0780000)
  to   space 26624K, 0% used [0x00000000ed480000,0x00000000ed480000,0x00000000eee80000)
 ParOldGen       total 123904K, used 73346K [0x00000000a0000000, 0x00000000a7900000, 0x00000000e0000000)
  object space 123904K, 59% used [0x00000000a0000000,0x00000000a47a0ac0,0x00000000a7900000)
 Metaspace       used 90632K, capacity 98204K, committed 98348K, reserved 1134592K
  class space    used 11452K, capacity 13179K, committed 13184K, reserved 1048576K
Event: 830.310 GC heap after
Heap after GC invocations=32 (full 3):
 PSYoungGen      total 244224K, used 21472K [0x00000000e0000000, 0x00000000f4000000, 0x0000000100000000)
  eden space 217600K, 0% used [0x00000000e0000000,0x00000000e0000000,0x00000000ed480000)
  from space 26624K, 80% used [0x00000000ed480000,0x00000000ee9781a8,0x00000000eee80000)
  to   space 28160K, 0% used [0x00000000f2480000,0x00000000f2480000,0x00000000f4000000)
 ParOldGen       total 123904K, used 76091K [0x00000000a0000000, 0x00000000a7900000, 0x00000000e0000000)
  object space 123904K, 61% used [0x00000000a0000000,0x00000000a4a4ecf0,0x00000000a7900000)
 Metaspace       used 90632K, capacity 98204K, committed 98348K, reserved 1134592K
  class space    used 11452K, capacity 13179K, committed 13184K, reserved 1048576K
}
Event: 830.310 GC heap before
{Heap before GC invocations=33 (full 4):
 PSYoungGen      total 244224K, used 21472K [0x00000000e0000000, 0x00000000f4000000, 0x0000000100000000)
  eden space 217600K, 0% used [0x00000000e0000000,0x00000000e0000000,0x00000000ed480000)
  from space 26624K, 80% used [0x00000000ed480000,0x00000000ee9781a8,0x00000000eee80000)
  to   space 28160K, 0% used [0x00000000f2480000,0x00000000f2480000,0x00000000f4000000)
 ParOldGen       total 123904K, used 76091K [0x00000000a0000000, 0x00000000a7900000, 0x00000000e0000000)
  object space 123904K, 61% used [0x00000000a0000000,0x00000000a4a4ecf0,0x00000000a7900000)
 Metaspace       used 90632K, capacity 98204K, committed 98348K, reserved 1134592K
  class space    used 11452K, capacity 13179K, committed 13184K, reserved 1048576K
Event: 831.067 GC heap after
Heap after GC invocations=33 (full 4):
 PSYoungGen      total 244224K, used 0K [0x00000000e0000000, 0x00000000f4000000, 0x0000000100000000)
  eden space 217600K, 0% used [0x00000000e0000000,0x00000000e0000000,0x00000000ed480000)
  from space 26624K, 0% used [0x00000000ed480000,0x00000000ed480000,0x00000000eee80000)
  to   space 28160K, 0% used [0x00000000f2480000,0x00000000f2480000,0x00000000f4000000)
 ParOldGen       total 123904K, used 79485K [0x00000000a0000000, 0x00000000a7900000, 0x00000000e0000000)
  object space 123904K, 64% used [0x00000000a0000000,0x00000000a4d9f688,0x00000000a7900000)
 Metaspace       used 90206K, capacity 97038K, committed 98348K, reserved 1134592K
  class space    used 11328K, capacity 12856K, committed 13184K, reserved 1048576K
}

Deoptimization events (10 events):
Event: 831.672 Thread 0x000000001ae0d000 Uncommon trap: reason=unstable_if action=reinterpret pc=0x00000000067d8340 method=com.android.tools.r8.it.unimi.dsi.fastutil.ints.Int2ReferenceOpenHashMap.insert(ILjava/lang/Object;)I @ 8
Event: 831.672 Thread 0x000000001ae0d000 Uncommon trap: reason=unstable_if action=reinterpret pc=0x00000000067c7840 method=com.android.tools.r8.it.unimi.dsi.fastutil.ints.Int2ReferenceOpenHashMap.insert(ILjava/lang/Object;)I @ 8
Event: 831.674 Thread 0x000000001d544000 Uncommon trap: reason=unstable_if action=reinterpret pc=0x0000000003f6c6ac method=java.util.IdentityHashMap.put(Ljava/lang/Object;Ljava/lang/Object;)Ljava/lang/Object; @ 38
Event: 831.674 Thread 0x000000001d544000 Uncommon trap: reason=bimorphic action=maybe_recompile pc=0x0000000004be63f4 method=java.util.AbstractSet.equals(Ljava/lang/Object;)Z @ 38
Event: 831.674 Thread 0x000000001d544000 Uncommon trap: reason=bimorphic action=maybe_recompile pc=0x0000000004be63f4 method=java.util.AbstractSet.equals(Ljava/lang/Object;)Z @ 38
Event: 831.674 Thread 0x000000001d544000 Uncommon trap: reason=bimorphic action=maybe_recompile pc=0x0000000004be63f4 method=java.util.AbstractSet.equals(Ljava/lang/Object;)Z @ 38
Event: 831.724 Thread 0x000000001ae08000 Uncommon trap: reason=bimorphic action=maybe_recompile pc=0x0000000004be63f4 method=java.util.AbstractSet.equals(Ljava/lang/Object;)Z @ 38
Event: 832.228 Thread 0x000000001d544000 Uncommon trap: reason=unstable_if action=reinterpret pc=0x0000000006849368 method=com.android.tools.r8.ir.conversion.JarState$Slot.isCategory1(Lcom/android/tools/r8/org/objectweb/asm/Type;)Z @ 4
Event: 832.394 Thread 0x000000001ae0d000 Uncommon trap: reason=unstable_if action=reinterpret pc=0x000000000686f9dc method=com.android.tools.r8.ir.regalloc.LiveIntervals.getSplitCovering(I)Lcom/android/tools/r8/ir/regalloc/LiveIntervals; @ 99
Event: 832.817 Thread 0x000000001ae08000 Uncommon trap: reason=unstable_if action=reinterpret pc=0x0000000006a1370c method=com.android.tools.r8.ir.optimize.MoveEliminator.shouldBeEliminated(Lcom/android/tools/r8/ir/code/Instruction;)Z @ 133

Classes redefined (0 events):
No events

Internal exceptions (10 events):
Event: 829.664 Thread 0x000000001d542800 Exception <a 'sun/nio/fs/WindowsException'> (0x00000000ed15d2a8) thrown at [D:\src\AOSP-openjdk-cygwin\jdk8u\hotspot\src\share\vm\prims\jni.cpp, line 709]
Event: 829.691 Thread 0x000000001d542800 Exception <a 'sun/nio/fs/WindowsException'> (0x00000000ed21db68) thrown at [D:\src\AOSP-openjdk-cygwin\jdk8u\hotspot\src\share\vm\prims\jni.cpp, line 709]
Event: 829.692 Thread 0x000000001d542800 Exception <a 'sun/nio/fs/WindowsException'> (0x00000000ed21e6c0) thrown at [D:\src\AOSP-openjdk-cygwin\jdk8u\hotspot\src\share\vm\prims\jni.cpp, line 709]
Event: 829.692 Thread 0x000000001d542800 Exception <a 'sun/nio/fs/WindowsException'> (0x00000000ed21fc10) thrown at [D:\src\AOSP-openjdk-cygwin\jdk8u\hotspot\src\share\vm\prims\jni.cpp, line 709]
Event: 829.715 Thread 0x000000001d542800 Exception <a 'sun/nio/fs/WindowsException'> (0x00000000ed3e09e8) thrown at [D:\src\AOSP-openjdk-cygwin\jdk8u\hotspot\src\share\vm\prims\jni.cpp, line 709]
Event: 829.715 Thread 0x000000001d542800 Exception <a 'sun/nio/fs/WindowsException'> (0x00000000ed3e1540) thrown at [D:\src\AOSP-openjdk-cygwin\jdk8u\hotspot\src\share\vm\prims\jni.cpp, line 709]
Event: 829.716 Thread 0x000000001d542800 Exception <a 'sun/nio/fs/WindowsException'> (0x00000000ed3e2a90) thrown at [D:\src\AOSP-openjdk-cygwin\jdk8u\hotspot\src\share\vm\prims\jni.cpp, line 709]
Event: 829.776 Thread 0x000000001d542800 Exception <a 'sun/nio/fs/WindowsException'> (0x00000000ed448bf8) thrown at [D:\src\AOSP-openjdk-cygwin\jdk8u\hotspot\src\share\vm\prims\jni.cpp, line 709]
Event: 829.776 Thread 0x000000001d542800 Exception <a 'sun/nio/fs/WindowsException'> (0x00000000ed449750) thrown at [D:\src\AOSP-openjdk-cygwin\jdk8u\hotspot\src\share\vm\prims\jni.cpp, line 709]
Event: 829.777 Thread 0x000000001d542800 Exception <a 'sun/nio/fs/WindowsException'> (0x00000000ed44aca0) thrown at [D:\src\AOSP-openjdk-cygwin\jdk8u\hotspot\src\share\vm\prims\jni.cpp, line 709]

Events (10 events):
Event: 833.382 Thread 0x0000000015dec800 flushing nmethod 0x00000000063f5490
Event: 833.382 Thread 0x0000000015dec800 flushing nmethod 0x00000000063f5b10
Event: 833.382 Thread 0x0000000015dec800 flushing nmethod 0x000000000644ae50
Event: 833.382 Thread 0x0000000015dec800 flushing nmethod 0x0000000006481950
Event: 833.383 Thread 0x0000000015dec800 flushing nmethod 0x000000000649b2d0
Event: 833.384 Thread 0x0000000015dec800 flushing nmethod 0x00000000064ddf50
Event: 833.428 Thread 0x000000001d549000 DEOPT PACKING pc=0x00000000069e2b0c sp=0x000000003e42ee80
Event: 833.428 Thread 0x000000001d549000 DEOPT UNPACKING pc=0x00000000024b75d0 sp=0x000000003e42eba8 mode 0
Event: 833.562 Thread 0x000000001d549000 DEOPT PACKING pc=0x0000000006717921 sp=0x000000003e42e940
Event: 833.562 Thread 0x000000001d549000 DEOPT UNPACKING pc=0x00000000024b75d0 sp=0x000000003e42e908 mode 0


Dynamic libraries:
0x00007ff60baa0000 - 0x00007ff60bad1000 	C:\Program Files\Android\Android Studio\jre\bin\java.exe
0x00007ffb25310000 - 0x00007ffb254f1000 	C:\WINDOWS\SYSTEM32\ntdll.dll
0x00007ffb24fc0000 - 0x00007ffb25072000 	C:\WINDOWS\System32\KERNEL32.DLL
0x00007ffb22230000 - 0x00007ffb224a3000 	C:\WINDOWS\System32\KERNELBASE.dll
0x00007ffb22d20000 - 0x00007ffb22dc1000 	C:\WINDOWS\System32\ADVAPI32.dll
0x00007ffb24e40000 - 0x00007ffb24ede000 	C:\WINDOWS\System32\msvcrt.dll
0x00007ffb231d0000 - 0x00007ffb2322b000 	C:\WINDOWS\System32\sechost.dll
0x00007ffb22bf0000 - 0x00007ffb22d14000 	C:\WINDOWS\System32\RPCRT4.dll
0x00007ffb22fe0000 - 0x00007ffb23170000 	C:\WINDOWS\System32\USER32.dll
0x00007ffb22590000 - 0x00007ffb225b0000 	C:\WINDOWS\System32\win32u.dll
0x00007ffb22f90000 - 0x00007ffb22fb8000 	C:\WINDOWS\System32\GDI32.dll
0x00007ffb216e0000 - 0x00007ffb21872000 	C:\WINDOWS\System32\gdi32full.dll
0x00007ffb22190000 - 0x00007ffb2222f000 	C:\WINDOWS\System32\msvcp_win.dll
0x00007ffb22090000 - 0x00007ffb2218a000 	C:\WINDOWS\System32\ucrtbase.dll
0x00007ffb11c60000 - 0x00007ffb11ec9000 	C:\WINDOWS\WinSxS\amd64_microsoft.windows.common-controls_6595b64144ccf1df_6.0.17134.165_none_fb429645306569ac\COMCTL32.dll
0x00007ffb24970000 - 0x00007ffb24c93000 	C:\WINDOWS\System32\combase.dll
0x00007ffb224b0000 - 0x00007ffb2252a000 	C:\WINDOWS\System32\bcryptPrimitives.dll
0x00007ffb25080000 - 0x00007ffb250ad000 	C:\WINDOWS\System32\IMM32.DLL
0x000000006b4e0000 - 0x000000006b5b2000 	C:\Program Files\Android\Android Studio\jre\jre\bin\msvcr100.dll
0x000000006b5e0000 - 0x000000006be1f000 	C:\Program Files\Android\Android Studio\jre\jre\bin\server\jvm.dll
0x00007ffb23230000 - 0x00007ffb23238000 	C:\WINDOWS\System32\PSAPI.DLL
0x00007ffb1d4e0000 - 0x00007ffb1d503000 	C:\WINDOWS\SYSTEM32\WINMM.dll
0x00007ffb20240000 - 0x00007ffb2024a000 	C:\WINDOWS\SYSTEM32\VERSION.dll
0x00007ffb1d4b0000 - 0x00007ffb1d4da000 	C:\WINDOWS\SYSTEM32\winmmbase.dll
0x00007ffb21f90000 - 0x00007ffb21fd9000 	C:\WINDOWS\System32\cfgmgr32.dll
0x00007ffb0cfb0000 - 0x00007ffb0cfb9000 	C:\WINDOWS\SYSTEM32\WSOCK32.dll
0x00007ffb25200000 - 0x00007ffb2526c000 	C:\WINDOWS\System32\WS2_32.dll
0x00007ffb1e2a0000 - 0x00007ffb1e2af000 	C:\Program Files\Android\Android Studio\jre\jre\bin\verify.dll
0x00007ffb19370000 - 0x00007ffb19399000 	C:\Program Files\Android\Android Studio\jre\jre\bin\java.dll
0x00007ffaf7d60000 - 0x00007ffaf7d76000 	C:\Program Files\Android\Android Studio\jre\jre\bin\zip.dll
0x00007ffb233a0000 - 0x00007ffb247e0000 	C:\WINDOWS\System32\SHELL32.dll
0x00007ffb250b0000 - 0x00007ffb25159000 	C:\WINDOWS\System32\shcore.dll
0x00007ffb21880000 - 0x00007ffb21f8d000 	C:\WINDOWS\System32\windows.storage.dll
0x00007ffb23170000 - 0x00007ffb231c1000 	C:\WINDOWS\System32\shlwapi.dll
0x00007ffb216a0000 - 0x00007ffb216b1000 	C:\WINDOWS\System32\kernel.appcore.dll
0x00007ffb21680000 - 0x00007ffb2169f000 	C:\WINDOWS\System32\profapi.dll
0x00007ffb21630000 - 0x00007ffb2167c000 	C:\WINDOWS\System32\powrprof.dll
0x00007ffb21620000 - 0x00007ffb2162a000 	C:\WINDOWS\System32\FLTLIB.DLL
0x00007ffaf7990000 - 0x00007ffaf79aa000 	C:\Program Files\Android\Android Studio\jre\jre\bin\net.dll
0x00007ffb20ea0000 - 0x00007ffb20f06000 	C:\WINDOWS\system32\mswsock.dll
0x00007ffaf6960000 - 0x00007ffaf6971000 	C:\Program Files\Android\Android Studio\jre\jre\bin\nio.dll
0x00007ffb10220000 - 0x00007ffb1023e000 	C:\Users\Huu Ty\.gradle\native\25\windows-amd64\native-platform.dll
0x00007ffb19360000 - 0x00007ffb1936d000 	C:\Program Files\Android\Android Studio\jre\jre\bin\management.dll
0x00007ffb21050000 - 0x00007ffb21067000 	C:\WINDOWS\SYSTEM32\CRYPTSP.dll
0x00007ffb20a80000 - 0x00007ffb20ab3000 	C:\WINDOWS\system32\rsaenh.dll
0x00007ffb21180000 - 0x00007ffb211a5000 	C:\WINDOWS\SYSTEM32\bcrypt.dll
0x00007ffb21520000 - 0x00007ffb21548000 	C:\WINDOWS\SYSTEM32\USERENV.dll
0x00007ffb21070000 - 0x00007ffb2107b000 	C:\WINDOWS\SYSTEM32\CRYPTBASE.dll
0x00007ffb20c20000 - 0x00007ffb20c58000 	C:\WINDOWS\SYSTEM32\IPHLPAPI.DLL
0x00007ffb252d0000 - 0x00007ffb252d8000 	C:\WINDOWS\System32\NSI.dll
0x00007ffb18750000 - 0x00007ffb18766000 	C:\WINDOWS\SYSTEM32\dhcpcsvc6.DLL
0x00007ffb1b8f0000 - 0x00007ffb1b90a000 	C:\WINDOWS\SYSTEM32\dhcpcsvc.DLL
0x00007ffaffc70000 - 0x00007ffaffc94000 	C:\Program Files\Android\Android Studio\jre\jre\bin\sunec.dll
0x00007ffb20c60000 - 0x00007ffb20d1e000 	C:\WINDOWS\SYSTEM32\DNSAPI.dll
0x00007ffb10750000 - 0x00007ffb1075a000 	C:\Windows\System32\rasadhlp.dll
0x00007ffb13240000 - 0x00007ffb132b2000 	C:\WINDOWS\System32\fwpuclnt.dll
0x00007ffb20320000 - 0x00007ffb2032b000 	C:\Program Files\Android\Android Studio\jre\jre\bin\sunmscapi.dll
0x00007ffb225b0000 - 0x00007ffb22792000 	C:\WINDOWS\System32\CRYPT32.dll
0x00007ffb216c0000 - 0x00007ffb216d2000 	C:\WINDOWS\System32\MSASN1.dll
0x00007ffb20710000 - 0x00007ffb20741000 	C:\WINDOWS\SYSTEM32\ntmarta.dll

VM Arguments:
jvm_args: -Xmx1536m -Dfile.encoding=windows-1252 -Duser.country=US -Duser.language=en -Duser.variant 
java_command: org.gradle.launcher.daemon.bootstrap.GradleDaemon 4.4
java_class_path (initial): C:\Users\Huu Ty\.gradle\wrapper\dists\gradle-4.4-all\9br9xq1tocpiv8o6njlyu5op1\gradle-4.4\lib\gradle-launcher-4.4.jar
Launcher Type: SUN_STANDARD

Environment Variables:
JAVA_HOME=C:\Program Files\Java\jdk1.8.0_171
USERNAME=Huu Ty
OS=Windows_NT
PROCESSOR_IDENTIFIER=Intel64 Family 6 Model 61 Stepping 4, GenuineIntel



---------------  S Y S T E M  ---------------

OS: Windows 10.0 , 64 bit Build 17134 (10.0.17134.1)

CPU:total 4 (initial active 4) (2 cores per cpu, 2 threads per core) family 6 model 61 stepping 4, cmov, cx8, fxsr, mmx, sse, sse2, sse3, ssse3, sse4.1, sse4.2, popcnt, avx, avx2, aes, clmul, erms, 3dnowpref, lzcnt, ht, tsc, tscinvbit, bmi1, bmi2, adx

Memory: 4k page, physical 8301008k(1541728k free), swap 8301008k(5964k free)

vm_info: OpenJDK 64-Bit Server VM (25.152-b02) for windows-amd64 JRE (1.8.0_152-release-1024-b02), built by "builder" with MS VC++ 10.0 (VS2010)

time: Sat Aug 04 20:44:25 2018
elapsed time: 833 seconds (0d 0h 13m 53s)

