#
# There is insufficient memory for the Java Runtime Environment to continue.
# Native memory allocation (malloc) failed to allocate 32744 bytes for ChunkPool::allocate
# Possible reasons:
#   The system is out of physical RAM or swap space
#   In 32 bit mode, the process size limit was hit
# Possible solutions:
#   Reduce memory load on the system
#   Increase physical memory or swap space
#   Check if swap backing store is full
#   Use 64 bit Java on a 64 bit OS
#   Decrease Java heap size (-Xmx/-Xms)
#   Decrease number of Java threads
#   Decrease Java thread stack sizes (-Xss)
#   Set larger code cache with -XX:ReservedCodeCacheSize=
# This output file may be truncated or incomplete.
#
#  Out of Memory Error (allocation.cpp:273), pid=1196, tid=0x00000000000073cc
#
# JRE version: OpenJDK Runtime Environment (8.0_152-b02) (build 1.8.0_152-release-1024-b02)
# Java VM: OpenJDK 64-Bit Server VM (25.152-b02 mixed mode windows-amd64 compressed oops)
# Failed to write core dump. Minidumps are not enabled by default on client versions of Windows
#

---------------  T H R E A D  ---------------

Current thread (0x0000000018bb7800):  JavaThread "Asynchronous log dispatcher for DefaultDaemonConnection: socket connection from /127.0.0.1:8094 to /127.0.0.1:8095" [_thread_in_vm, id=29644, stack(0x000000001a300000,0x000000001a400000)]

Stack: [0x000000001a300000,0x000000001a400000]
[error occurred during error reporting (printing stack bounds), id 0xc0000005]

Native frames: (J=compiled Java code, j=interpreted, Vv=VM code, C=native code)

Java frames: (J=compiled Java code, j=interpreted, Vv=VM code)
j  org.gradle.launcher.daemon.server.DefaultDaemonConnection.logEvent(Lorg/gradle/internal/logging/events/OutputEvent;)V+4
j  org.gradle.launcher.daemon.server.exec.LogToClient$AsynchronousLogDispatcher.dispatchAsync(Lorg/gradle/internal/logging/events/OutputEvent;)V+13
j  org.gradle.launcher.daemon.server.exec.LogToClient$AsynchronousLogDispatcher.run()V+35
v  ~StubRoutines::call_stub

---------------  P R O C E S S  ---------------

Java Threads: ( => current thread )
  0x0000000018de6800 JavaThread "Cache worker for file hash cache (P:\Android Advanced\MyDynamicCalendarLibrary-master\MyDynamicCalendarLibrary-master\.gradle\4.4\fileHashes)" [_thread_blocked, id=32404, stack(0x000000001b8d0000,0x000000001b9d0000)]
  0x0000000019324800 JavaThread "File lock request listener" [_thread_in_native, id=9564, stack(0x000000001b7d0000,0x000000001b8d0000)]
  0x0000000018fc9800 JavaThread "Cache worker for file hash cache (C:\Users\Huu Ty\.gradle\caches\4.4\fileHashes)" [_thread_blocked, id=33236, stack(0x000000001a700000,0x000000001a800000)]
  0x0000000018bcb800 JavaThread "Stdin handler" [_thread_blocked, id=30640, stack(0x000000001a400000,0x000000001a500000)]
=>0x0000000018bb7800 JavaThread "Asynchronous log dispatcher for DefaultDaemonConnection: socket connection from /127.0.0.1:8094 to /127.0.0.1:8095" [_thread_in_vm, id=29644, stack(0x000000001a300000,0x000000001a400000)]
  0x0000000018c6f800 JavaThread "Daemon worker" [_thread_in_vm, id=28664, stack(0x000000001a200000,0x000000001a300000)]
  0x000000001878c000 JavaThread "Cancel handler" [_thread_blocked, id=30968, stack(0x000000001a100000,0x000000001a200000)]
  0x0000000018786000 JavaThread "Handler for socket connection from /127.0.0.1:8094 to /127.0.0.1:8095" [_thread_in_native, id=26676, stack(0x0000000019e00000,0x0000000019f00000)]
  0x0000000018785800 JavaThread "Daemon" [_thread_blocked, id=29552, stack(0x0000000019d00000,0x0000000019e00000)]
  0x0000000019023800 JavaThread "Daemon periodic checks" [_thread_blocked, id=16776, stack(0x0000000019c00000,0x0000000019d00000)]
  0x0000000018ed4800 JavaThread "Incoming local TCP Connector on port 8094" [_thread_in_native, id=30392, stack(0x00000000199c0000,0x0000000019ac0000)]
  0x00000000176e3000 JavaThread "Service Thread" daemon [_thread_blocked, id=31656, stack(0x0000000017ab0000,0x0000000017bb0000)]
  0x0000000015e5c800 JavaThread "C1 CompilerThread2" daemon [_thread_blocked, id=27168, stack(0x00000000175b0000,0x00000000176b0000)]
  0x0000000015e58800 JavaThread "C2 CompilerThread1" daemon [_thread_in_native, id=20580, stack(0x00000000174b0000,0x00000000175b0000)]
  0x0000000015e50800 JavaThread "C2 CompilerThread0" daemon [_thread_in_native, id=32388, stack(0x00000000173b0000,0x00000000174b0000)]
  0x0000000015e4f800 JavaThread "Attach Listener" daemon [_thread_blocked, id=33568, stack(0x00000000172b0000,0x00000000173b0000)]
  0x0000000015e4c000 JavaThread "Signal Dispatcher" daemon [_thread_blocked, id=19440, stack(0x00000000171b0000,0x00000000172b0000)]
  0x00000000024dd000 JavaThread "Finalizer" daemon [_thread_blocked, id=28940, stack(0x00000000170b0000,0x00000000171b0000)]
  0x00000000024d2000 JavaThread "Reference Handler" daemon [_thread_blocked, id=33264, stack(0x0000000016fb0000,0x00000000170b0000)]
  0x00000000023e2800 JavaThread "main" [_thread_blocked, id=29308, stack(0x00000000021e0000,0x00000000022e0000)]

Other Threads:
  0x0000000015e16800 VMThread [stack: 0x0000000016eb0000,0x0000000016fb0000] [id=29132]
  0x00000000176e3800 WatcherThread [stack: 0x0000000017bb0000,0x0000000017cb0000] [id=23932]

VM state:not at safepoint (normal execution)

VM Mutex/Monitor currently owned by a thread: None

Heap:
 PSYoungGen      total 71680K, used 67779K [0x00000000e0000000, 0x00000000e4b00000, 0x0000000100000000)
  eden space 66560K, 94% used [0x00000000e0000000,0x00000000e3d31aa0,0x00000000e4100000)
  from space 5120K, 99% used [0x00000000e4600000,0x00000000e4aff3f0,0x00000000e4b00000)
  to   space 5120K, 0% used [0x00000000e4100000,0x00000000e4100000,0x00000000e4600000)
 ParOldGen       total 87552K, used 154K [0x00000000a0000000, 0x00000000a5580000, 0x00000000e0000000)
  object space 87552K, 0% used [0x00000000a0000000,0x00000000a0026810,0x00000000a5580000)
 Metaspace       used 16887K, capacity 17262K, committed 17408K, reserved 1064960K
  class space    used 2406K, capacity 2543K, committed 2560K, reserved 1048576K

Card table byte_map: [0x00000000118a0000,0x0000000011bb0000] byte_map_base: 0x00000000113a0000

Marking Bits: (ParMarkBitMap*) 0x000000006bda4970
 Begin Bits: [0x00000000121b0000, 0x00000000139b0000)
 End Bits:   [0x00000000139b0000, 0x00000000151b0000)

Polling page: 0x0000000000420000

CodeCache: size=245760Kb used=5749Kb max_used=5813Kb free=240010Kb
 bounds [0x00000000024e0000, 0x0000000002a90000, 0x00000000114e0000]
 total_blobs=1992 nmethods=1616 adapters=288
 compilation: enabled

Compilation events (10 events):
Event: 6.652 Thread 0x0000000015e5c800 nmethod 1646 0x0000000002a8b410 code [0x0000000002a8b5c0, 0x0000000002a8bad8]
Event: 6.653 Thread 0x0000000015e5c800 1647       1       java.io.ObjectStreamClass$FieldReflectorKey::hashCode (5 bytes)
Event: 6.653 Thread 0x0000000015e5c800 nmethod 1647 0x0000000002a8be90 code [0x0000000002a8bfe0, 0x0000000002a8c0f0]
Event: 6.654 Thread 0x0000000015e5c800 1648       3       java.lang.Class::getDeclaredField (34 bytes)
Event: 6.655 Thread 0x0000000015e5c800 nmethod 1648 0x0000000002a8c150 code [0x0000000002a8c300, 0x0000000002a8c608]
Event: 6.666 Thread 0x0000000015e5c800 1649   !   3       org.gradle.internal.service.DefaultServiceRegistry::doGet (102 bytes)
Event: 6.667 Thread 0x0000000015e5c800 nmethod 1649 0x0000000002a8cc50 code [0x0000000002a8cf20, 0x0000000002a8e578]
Event: 6.670 Thread 0x0000000015e5c800 1650       3       java.util.IdentityHashMap::get (60 bytes)
Event: 6.671 Thread 0x0000000015e5c800 nmethod 1650 0x0000000002a8f650 code [0x0000000002a8f800, 0x0000000002a8fca8]
Event: 6.672 Thread 0x0000000015e5c800 1651       3       java.util.concurrent.locks.ReentrantLock$Sync::<init> (5 bytes)

GC Heap History (4 events):
Event: 1.338 GC heap before
{Heap before GC invocations=1 (full 0):
 PSYoungGen      total 38400K, used 33280K [0x00000000e0000000, 0x00000000e2a80000, 0x0000000100000000)
  eden space 33280K, 100% used [0x00000000e0000000,0x00000000e2080000,0x00000000e2080000)
  from space 5120K, 0% used [0x00000000e2580000,0x00000000e2580000,0x00000000e2a80000)
  to   space 5120K, 0% used [0x00000000e2080000,0x00000000e2080000,0x00000000e2580000)
 ParOldGen       total 87552K, used 0K [0x00000000a0000000, 0x00000000a5580000, 0x00000000e0000000)
  object space 87552K, 0% used [0x00000000a0000000,0x00000000a0000000,0x00000000a5580000)
 Metaspace       used 6600K, capacity 6766K, committed 7040K, reserved 1056768K
  class space    used 804K, capacity 875K, committed 896K, reserved 1048576K
Event: 1.418 GC heap after
Heap after GC invocations=1 (full 0):
 PSYoungGen      total 38400K, used 4069K [0x00000000e0000000, 0x00000000e4b00000, 0x0000000100000000)
  eden space 33280K, 0% used [0x00000000e0000000,0x00000000e0000000,0x00000000e2080000)
  from space 5120K, 79% used [0x00000000e2080000,0x00000000e24795f8,0x00000000e2580000)
  to   space 5120K, 0% used [0x00000000e4600000,0x00000000e4600000,0x00000000e4b00000)
 ParOldGen       total 87552K, used 8K [0x00000000a0000000, 0x00000000a5580000, 0x00000000e0000000)
  object space 87552K, 0% used [0x00000000a0000000,0x00000000a0002000,0x00000000a5580000)
 Metaspace       used 6600K, capacity 6766K, committed 7040K, reserved 1056768K
  class space    used 804K, capacity 875K, committed 896K, reserved 1048576K
}
Event: 4.868 GC heap before
{Heap before GC invocations=2 (full 0):
 PSYoungGen      total 38400K, used 37349K [0x00000000e0000000, 0x00000000e4b00000, 0x0000000100000000)
  eden space 33280K, 100% used [0x00000000e0000000,0x00000000e2080000,0x00000000e2080000)
  from space 5120K, 79% used [0x00000000e2080000,0x00000000e24795f8,0x00000000e2580000)
  to   space 5120K, 0% used [0x00000000e4600000,0x00000000e4600000,0x00000000e4b00000)
 ParOldGen       total 87552K, used 8K [0x00000000a0000000, 0x00000000a5580000, 0x00000000e0000000)
  object space 87552K, 0% used [0x00000000a0000000,0x00000000a0002000,0x00000000a5580000)
 Metaspace       used 10888K, capacity 11144K, committed 11264K, reserved 1058816K
  class space    used 1417K, capacity 1518K, committed 1536K, reserved 1048576K
Event: 4.876 GC heap after
Heap after GC invocations=2 (full 0):
 PSYoungGen      total 71680K, used 5116K [0x00000000e0000000, 0x00000000e4b00000, 0x0000000100000000)
  eden space 66560K, 0% used [0x00000000e0000000,0x00000000e0000000,0x00000000e4100000)
  from space 5120K, 99% used [0x00000000e4600000,0x00000000e4aff3f0,0x00000000e4b00000)
  to   space 5120K, 0% used [0x00000000e4100000,0x00000000e4100000,0x00000000e4600000)
 ParOldGen       total 87552K, used 154K [0x00000000a0000000, 0x00000000a5580000, 0x00000000e0000000)
  object space 87552K, 0% used [0x00000000a0000000,0x00000000a0026810,0x00000000a5580000)
 Metaspace       used 10888K, capacity 11144K, committed 11264K, reserved 1058816K
  class space    used 1417K, capacity 1518K, committed 1536K, reserved 1048576K
}

Deoptimization events (10 events):
Event: 2.981 Thread 0x00000000023e2800 Uncommon trap: reason=unstable_if action=reinterpret pc=0x000000000282c3e8 method=java.io.WinNTFileSystem.normalize(Ljava/lang/String;II)Ljava/lang/String; @ 90
Event: 4.957 Thread 0x0000000018786000 Uncommon trap: reason=unstable_if action=reinterpret pc=0x00000000028bf620 method=java.util.concurrent.ConcurrentHashMap.putVal(Ljava/lang/Object;Ljava/lang/Object;Z)Ljava/lang/Object; @ 206
Event: 5.122 Thread 0x0000000018c6f800 Uncommon trap: reason=bimorphic action=maybe_recompile pc=0x000000000285be08 method=java.util.HashMap.putVal(ILjava/lang/Object;Ljava/lang/Object;ZZ)Ljava/lang/Object; @ 253
Event: 5.123 Thread 0x0000000018c6f800 Uncommon trap: reason=bimorphic action=maybe_recompile pc=0x000000000285be08 method=java.util.HashMap.putVal(ILjava/lang/Object;Ljava/lang/Object;ZZ)Ljava/lang/Object; @ 253
Event: 5.123 Thread 0x0000000018c6f800 Uncommon trap: reason=bimorphic action=maybe_recompile pc=0x000000000285703c method=java.util.HashMap.putVal(ILjava/lang/Object;Ljava/lang/Object;ZZ)Ljava/lang/Object; @ 253
Event: 5.138 Thread 0x0000000018c6f800 Uncommon trap: reason=class_check action=maybe_recompile pc=0x000000000279ed18 method=java.util.regex.Matcher.match(II)Z @ 86
Event: 5.592 Thread 0x0000000018c6f800 Uncommon trap: reason=class_check action=maybe_recompile pc=0x000000000279ed18 method=java.util.regex.Matcher.match(II)Z @ 86
Event: 5.593 Thread 0x0000000018c6f800 Uncommon trap: reason=class_check action=maybe_recompile pc=0x000000000276615c method=java.util.regex.Matcher.match(II)Z @ 86
Event: 5.893 Thread 0x0000000018c6f800 Uncommon trap: reason=unstable_if action=reinterpret pc=0x00000000029e46b4 method=java.lang.String.lastIndexOf([CII[CIII)I @ 66
Event: 6.621 Thread 0x0000000018c6f800 Uncommon trap: reason=unstable_if action=reinterpret pc=0x0000000002792758 method=java.io.File.getName()Ljava/lang/String; @ 16

Classes redefined (0 events):
No events

Internal exceptions (10 events):
Event: 5.055 Thread 0x0000000018786000 Exception <a 'java/lang/NoSuchMethodError': <clinit>> (0x00000000e03da6a0) thrown at [D:\src\AOSP-openjdk-cygwin\jdk8u\hotspot\src\share\vm\prims\jni.cpp, line 1613]
Event: 5.062 Thread 0x0000000018786000 Exception <a 'java/lang/NoSuchMethodError': <clinit>> (0x00000000e03fe0d0) thrown at [D:\src\AOSP-openjdk-cygwin\jdk8u\hotspot\src\share\vm\prims\jni.cpp, line 1613]
Event: 5.075 Thread 0x0000000018786000 Exception <a 'java/lang/NoSuchMethodError': <clinit>> (0x00000000e0419048) thrown at [D:\src\AOSP-openjdk-cygwin\jdk8u\hotspot\src\share\vm\prims\jni.cpp, line 1613]
Event: 5.085 Thread 0x0000000018786000 Exception <a 'java/lang/NoSuchMethodError': <clinit>> (0x00000000e04422a0) thrown at [D:\src\AOSP-openjdk-cygwin\jdk8u\hotspot\src\share\vm\prims\jni.cpp, line 1613]
Event: 5.110 Thread 0x0000000018c6f800 Exception <a 'java/lang/NoSuchMethodError': <clinit>> (0x00000000e06757f0) thrown at [D:\src\AOSP-openjdk-cygwin\jdk8u\hotspot\src\share\vm\prims\jni.cpp, line 1613]
Event: 5.111 Thread 0x0000000018c6f800 Exception <a 'java/lang/NoSuchMethodError': <clinit>> (0x00000000e067da78) thrown at [D:\src\AOSP-openjdk-cygwin\jdk8u\hotspot\src\share\vm\prims\jni.cpp, line 1613]
Event: 6.654 Thread 0x0000000018c6f800 Exception <a 'java/lang/NoSuchMethodError': <clinit>> (0x00000000e3c9f8d8) thrown at [D:\src\AOSP-openjdk-cygwin\jdk8u\hotspot\src\share\vm\prims\jni.cpp, line 1613]
Event: 6.654 Thread 0x0000000018c6f800 Exception <a 'java/lang/NoSuchMethodError': <clinit>> (0x00000000e3ca2278) thrown at [D:\src\AOSP-openjdk-cygwin\jdk8u\hotspot\src\share\vm\prims\jni.cpp, line 1613]
Event: 6.656 Thread 0x0000000018c6f800 Exception <a 'java/lang/NoSuchMethodError': <clinit>> (0x00000000e3caf868) thrown at [D:\src\AOSP-openjdk-cygwin\jdk8u\hotspot\src\share\vm\prims\jni.cpp, line 1613]
Event: 6.657 Thread 0x0000000018c6f800 Exception <a 'java/lang/NoSuchMethodError': <clinit>> (0x00000000e3cbafe8) thrown at [D:\src\AOSP-openjdk-cygwin\jdk8u\hotspot\src\share\vm\prims\jni.cpp, line 1613]

Events (10 events):
Event: 6.672 Thread 0x0000000015e5c800 flushing nmethod 0x00000000025f8e90
Event: 6.672 Thread 0x0000000015e5c800 flushing nmethod 0x00000000025f9690
Event: 6.672 Thread 0x0000000015e5c800 flushing nmethod 0x00000000025f9d50
Event: 6.672 Thread 0x0000000015e5c800 flushing nmethod 0x00000000025fafd0
Event: 6.672 Thread 0x0000000015e5c800 flushing nmethod 0x00000000025fd9d0
Event: 6.673 Thread 0x0000000015e5c800 flushing nmethod 0x0000000002601490
Event: 6.673 Thread 0x0000000015e5c800 flushing nmethod 0x0000000002602610
Event: 6.673 Thread 0x0000000015e5c800 flushing nmethod 0x0000000002606450
Event: 6.673 Thread 0x0000000015e5c800 flushing nmethod 0x000000000260ba10
Event: 6.673 Thread 0x0000000015e5c800 flushing nmethod 0x000000000260da50


Dynamic libraries:
0x00007ff60baa0000 - 0x00007ff60bad1000 	C:\Program Files\Android\Android Studio\jre\bin\java.exe
0x00007ffb25310000 - 0x00007ffb254f1000 	C:\WINDOWS\SYSTEM32\ntdll.dll
0x00007ffb24fc0000 - 0x00007ffb25072000 	C:\WINDOWS\System32\KERNEL32.DLL
0x00007ffb22230000 - 0x00007ffb224a3000 	C:\WINDOWS\System32\KERNELBASE.dll
0x00007ffb22d20000 - 0x00007ffb22dc1000 	C:\WINDOWS\System32\ADVAPI32.dll
0x00007ffb24e40000 - 0x00007ffb24ede000 	C:\WINDOWS\System32\msvcrt.dll
0x00007ffb231d0000 - 0x00007ffb2322b000 	C:\WINDOWS\System32\sechost.dll
0x00007ffb22bf0000 - 0x00007ffb22d14000 	C:\WINDOWS\System32\RPCRT4.dll
0x00007ffb22fe0000 - 0x00007ffb23170000 	C:\WINDOWS\System32\USER32.dll
0x00007ffb22590000 - 0x00007ffb225b0000 	C:\WINDOWS\System32\win32u.dll
0x00007ffb22f90000 - 0x00007ffb22fb8000 	C:\WINDOWS\System32\GDI32.dll
0x00007ffb216e0000 - 0x00007ffb21872000 	C:\WINDOWS\System32\gdi32full.dll
0x00007ffb22190000 - 0x00007ffb2222f000 	C:\WINDOWS\System32\msvcp_win.dll
0x00007ffb22090000 - 0x00007ffb2218a000 	C:\WINDOWS\System32\ucrtbase.dll
0x00007ffb11c60000 - 0x00007ffb11ec9000 	C:\WINDOWS\WinSxS\amd64_microsoft.windows.common-controls_6595b64144ccf1df_6.0.17134.165_none_fb429645306569ac\COMCTL32.dll
0x00007ffb24970000 - 0x00007ffb24c93000 	C:\WINDOWS\System32\combase.dll
0x00007ffb224b0000 - 0x00007ffb2252a000 	C:\WINDOWS\System32\bcryptPrimitives.dll
0x00007ffb25080000 - 0x00007ffb250ad000 	C:\WINDOWS\System32\IMM32.DLL
0x000000006b4e0000 - 0x000000006b5b2000 	C:\Program Files\Android\Android Studio\jre\jre\bin\msvcr100.dll
0x000000006b5e0000 - 0x000000006be1f000 	C:\Program Files\Android\Android Studio\jre\jre\bin\server\jvm.dll
0x00007ffb23230000 - 0x00007ffb23238000 	C:\WINDOWS\System32\PSAPI.DLL
0x00007ffb0cfb0000 - 0x00007ffb0cfb9000 	C:\WINDOWS\SYSTEM32\WSOCK32.dll
0x00007ffb20240000 - 0x00007ffb2024a000 	C:\WINDOWS\SYSTEM32\VERSION.dll
0x00007ffb1d4e0000 - 0x00007ffb1d503000 	C:\WINDOWS\SYSTEM32\WINMM.dll
0x00007ffb25200000 - 0x00007ffb2526c000 	C:\WINDOWS\System32\WS2_32.dll
0x00007ffb1d4b0000 - 0x00007ffb1d4da000 	C:\WINDOWS\SYSTEM32\WINMMBASE.dll
0x00007ffb21f90000 - 0x00007ffb21fd9000 	C:\WINDOWS\System32\cfgmgr32.dll
0x00007ffb1e2a0000 - 0x00007ffb1e2af000 	C:\Program Files\Android\Android Studio\jre\jre\bin\verify.dll
0x00007ffb19370000 - 0x00007ffb19399000 	C:\Program Files\Android\Android Studio\jre\jre\bin\java.dll
0x00007ffaf7d60000 - 0x00007ffaf7d76000 	C:\Program Files\Android\Android Studio\jre\jre\bin\zip.dll
0x00007ffb233a0000 - 0x00007ffb247e0000 	C:\WINDOWS\System32\SHELL32.dll
0x00007ffb250b0000 - 0x00007ffb25159000 	C:\WINDOWS\System32\shcore.dll
0x00007ffb21880000 - 0x00007ffb21f8d000 	C:\WINDOWS\System32\windows.storage.dll
0x00007ffb23170000 - 0x00007ffb231c1000 	C:\WINDOWS\System32\shlwapi.dll
0x00007ffb216a0000 - 0x00007ffb216b1000 	C:\WINDOWS\System32\kernel.appcore.dll
0x00007ffb21680000 - 0x00007ffb2169f000 	C:\WINDOWS\System32\profapi.dll
0x00007ffb21630000 - 0x00007ffb2167c000 	C:\WINDOWS\System32\powrprof.dll
0x00007ffb21620000 - 0x00007ffb2162a000 	C:\WINDOWS\System32\FLTLIB.DLL
0x00007ffaf7990000 - 0x00007ffaf79aa000 	C:\Program Files\Android\Android Studio\jre\jre\bin\net.dll
0x00007ffb20ea0000 - 0x00007ffb20f06000 	C:\WINDOWS\system32\mswsock.dll
0x00007ffaf6960000 - 0x00007ffaf6971000 	C:\Program Files\Android\Android Studio\jre\jre\bin\nio.dll
0x00007ffb10220000 - 0x00007ffb1023e000 	C:\Users\Huu Ty\.gradle\native\25\windows-amd64\native-platform.dll
0x00007ffb19360000 - 0x00007ffb1936d000 	C:\Program Files\Android\Android Studio\jre\jre\bin\management.dll
0x00007ffb21050000 - 0x00007ffb21067000 	C:\WINDOWS\SYSTEM32\CRYPTSP.dll
0x00007ffb20a80000 - 0x00007ffb20ab3000 	C:\WINDOWS\system32\rsaenh.dll
0x00007ffb21180000 - 0x00007ffb211a5000 	C:\WINDOWS\SYSTEM32\bcrypt.dll
0x00007ffb21520000 - 0x00007ffb21548000 	C:\WINDOWS\SYSTEM32\USERENV.dll
0x00007ffb21070000 - 0x00007ffb2107b000 	C:\WINDOWS\SYSTEM32\CRYPTBASE.dll
0x00007ffb20c20000 - 0x00007ffb20c58000 	C:\WINDOWS\SYSTEM32\IPHLPAPI.DLL
0x00007ffb252d0000 - 0x00007ffb252d8000 	C:\WINDOWS\System32\NSI.dll
0x00007ffb18750000 - 0x00007ffb18766000 	C:\WINDOWS\SYSTEM32\dhcpcsvc6.DLL
0x00007ffb1b8f0000 - 0x00007ffb1b90a000 	C:\WINDOWS\SYSTEM32\dhcpcsvc.DLL

VM Arguments:
jvm_args: -Xmx1536m -Dfile.encoding=windows-1252 -Duser.country=US -Duser.language=en -Duser.variant 
java_command: org.gradle.launcher.daemon.bootstrap.GradleDaemon 4.4
java_class_path (initial): C:\Users\Huu Ty\.gradle\wrapper\dists\gradle-4.4-all\9br9xq1tocpiv8o6njlyu5op1\gradle-4.4\lib\gradle-launcher-4.4.jar
Launcher Type: SUN_STANDARD

Environment Variables:
JAVA_HOME=C:\Program Files\Java\jdk1.8.0_171
USERNAME=Huu Ty
OS=Windows_NT
PROCESSOR_IDENTIFIER=Intel64 Family 6 Model 61 Stepping 4, GenuineIntel



---------------  S Y S T E M  ---------------

OS: Windows 10.0 , 64 bit Build 17134 (10.0.17134.1)

CPU:total 4 (initial active 4) (2 cores per cpu, 2 threads per core) family 6 model 61 stepping 4, cmov, cx8, fxsr, mmx, sse, sse2, sse3, ssse3, sse4.1, sse4.2, popcnt, avx, avx2, aes, clmul, erms, 3dnowpref, lzcnt, ht, tsc, tscinvbit, bmi1, bmi2, adx

Memory: 4k page, physical 8301008k(1670080k free), swap 8301008k(4104k free)

vm_info: OpenJDK 64-Bit Server VM (25.152-b02) for windows-amd64 JRE (1.8.0_152-release-1024-b02), built by "builder" with MS VC++ 10.0 (VS2010)

time: Sat Aug 04 20:30:22 2018
elapsed time: 6 seconds (0d 0h 0m 6s)

