#
# There is insufficient memory for the Java Runtime Environment to continue.
# Native memory allocation (malloc) failed to allocate 985456 bytes for Chunk::new
# Possible reasons:
#   The system is out of physical RAM or swap space
#   In 32 bit mode, the process size limit was hit
# Possible solutions:
#   Reduce memory load on the system
#   Increase physical memory or swap space
#   Check if swap backing store is full
#   Use 64 bit Java on a 64 bit OS
#   Decrease Java heap size (-Xmx/-Xms)
#   Decrease number of Java threads
#   Decrease Java thread stack sizes (-Xss)
#   Set larger code cache with -XX:ReservedCodeCacheSize=
# This output file may be truncated or incomplete.
#
#  Out of Memory Error (allocation.cpp:390), pid=29456, tid=0x0000000000006330
#
# JRE version: OpenJDK Runtime Environment (8.0_152-b02) (build 1.8.0_152-release-1024-b02)
# Java VM: OpenJDK 64-Bit Server VM (25.152-b02 mixed mode windows-amd64 compressed oops)
# Failed to write core dump. Minidumps are not enabled by default on client versions of Windows
#

---------------  T H R E A D  ---------------

Current thread (0x0000000015d60000):  JavaThread "C2 CompilerThread0" daemon [_thread_in_native, id=25392, stack(0x00000000173a0000,0x00000000174a0000)]

Stack: [0x00000000173a0000,0x00000000174a0000]
[error occurred during error reporting (printing stack bounds), id 0xc0000005]

Native frames: (J=compiled Java code, j=interpreted, Vv=VM code, C=native code)


Current CompileTask:
C2: 442911 21315       4       com.android.utils.XmlUtils::append (540 bytes)


---------------  P R O C E S S  ---------------

Java Threads: ( => current thread )
  0x0000000019098800 JavaThread "pool-48-thread-1" [_thread_blocked, id=28736, stack(0x00000000360c0000,0x00000000361c0000)]
  0x0000000019097800 JavaThread "stdout" daemon [_thread_in_native, id=21228, stack(0x0000000035fc0000,0x00000000360c0000)]
  0x0000000019094800 JavaThread "stderr" daemon [_thread_in_native, id=19952, stack(0x0000000035ec0000,0x0000000035fc0000)]
  0x0000000019094000 JavaThread "stdout" daemon [_thread_in_native, id=29728, stack(0x0000000035dc0000,0x0000000035ec0000)]
  0x000000001909a800 JavaThread "stderr" daemon [_thread_in_native, id=27260, stack(0x0000000035cc0000,0x0000000035dc0000)]
  0x0000000019097000 JavaThread "stdout" daemon [_thread_in_native, id=24416, stack(0x0000000035bc0000,0x0000000035cc0000)]
  0x0000000019096000 JavaThread "stderr" daemon [_thread_in_native, id=30452, stack(0x0000000035ac0000,0x0000000035bc0000)]
  0x0000000019099000 JavaThread "stdout" daemon [_thread_in_native, id=19956, stack(0x00000000359c0000,0x0000000035ac0000)]
  0x0000000018c79000 JavaThread "stderr" daemon [_thread_in_native, id=23712, stack(0x00000000358c0000,0x00000000359c0000)]
  0x0000000018c77800 JavaThread "queued-resource-processor_16" daemon [_thread_blocked, id=22368, stack(0x00000000357c0000,0x00000000358c0000)]
  0x0000000018c7d800 JavaThread "queued-resource-processor_15" daemon [_thread_blocked, id=25256, stack(0x00000000356c0000,0x00000000357c0000)]
  0x000000001c7de000 JavaThread "queued-resource-processor_14" daemon [_thread_blocked, id=27456, stack(0x00000000355c0000,0x00000000356c0000)]
  0x000000001c7dd000 JavaThread "queued-resource-processor_13" daemon [_thread_blocked, id=31536, stack(0x00000000354c0000,0x00000000355c0000)]
  0x000000001c7cf000 JavaThread "Task worker for ':' Thread 3" [_thread_blocked, id=24344, stack(0x00000000353c0000,0x00000000354c0000)]
  0x000000001c7d3800 JavaThread "Task worker for ':' Thread 2" [_thread_blocked, id=28192, stack(0x00000000352c0000,0x00000000353c0000)]
  0x000000001c7d2800 JavaThread "Task worker for ':'" [_thread_blocked, id=33052, stack(0x00000000351c0000,0x00000000352c0000)]
  0x000000001c7d0800 JavaThread "Cache worker for Build Output Cleanup Cache (P:\Android Advanced\MyDynamicCalendarLibrary-master\MyDynamicCalendarLibrary-master\.gradle\buildOutputCleanup)" [_thread_blocked, id=30744, stack(0x00000000350c0000,0x00000000351c0000)]
  0x000000001c50d000 JavaThread "Cache worker for task history cache (P:\Android Advanced\MyDynamicCalendarLibrary-master\MyDynamicCalendarLibrary-master\.gradle\4.4\taskHistory)" [_thread_blocked, id=33064, stack(0x0000000034fc0000,0x00000000350c0000)]
  0x000000001c50b800 JavaThread "build operations Thread 4" [_thread_blocked, id=31472, stack(0x0000000034ec0000,0x0000000034fc0000)]
  0x000000001c510800 JavaThread "build operations Thread 3" [_thread_blocked, id=24320, stack(0x0000000034dc0000,0x0000000034ec0000)]
  0x000000001c504000 JavaThread "build operations Thread 2" [_thread_blocked, id=33248, stack(0x0000000034cc0000,0x0000000034dc0000)]
  0x000000001c50a800 JavaThread "build operations" [_thread_blocked, id=31884, stack(0x0000000034bc0000,0x0000000034cc0000)]
  0x000000001c503000 JavaThread "Cache worker for Artifact transforms cache (C:\Users\Huu Ty\.gradle\caches\transforms-1)" [_thread_blocked, id=31696, stack(0x0000000034ac0000,0x0000000034bc0000)]
  0x000000001c50a000 JavaThread "Cache worker for file hash cache (P:\Android Advanced\MyDynamicCalendarLibrary-master\MyDynamicCalendarLibrary-master\.gradle\4.4\fileHashes)" [_thread_blocked, id=30552, stack(0x00000000349c0000,0x0000000034ac0000)]
  0x000000001c502800 JavaThread "Stdin handler" [_thread_blocked, id=31992, stack(0x00000000348c0000,0x00000000349c0000)]
  0x000000001c509000 JavaThread "Asynchronous log dispatcher for DefaultDaemonConnection: socket connection from /127.0.0.1:8449 to /127.0.0.1:8843" [_thread_blocked, id=33004, stack(0x00000000347c0000,0x00000000348c0000)]
  0x000000001c505800 JavaThread "Cancel handler" [_thread_blocked, id=32824, stack(0x00000000346c0000,0x00000000347c0000)]
  0x000000001c504800 JavaThread "Handler for socket connection from /127.0.0.1:8449 to /127.0.0.1:8843" [_thread_in_native, id=29560, stack(0x00000000345c0000,0x00000000346c0000)]
  0x0000000018c7a800 JavaThread "Daemon worker Thread 3" [_thread_blocked, id=19388, stack(0x00000000321c0000,0x00000000322c0000)]
  0x0000000018c78000 JavaThread "Daemon Thread 3" [_thread_blocked, id=31496, stack(0x0000000031ec0000,0x0000000031fc0000)]
  0x000000001c507000 JavaThread "Memory manager" [_thread_blocked, id=19700, stack(0x0000000020400000,0x0000000020500000)]
  0x0000000018c7b000 JavaThread "File lock request listener" [_thread_in_native, id=17216, stack(0x000000001a7f0000,0x000000001a8f0000)]
  0x0000000018c7c800 JavaThread "Cache worker for file hash cache (C:\Users\Huu Ty\.gradle\caches\4.4\fileHashes)" [_thread_blocked, id=31412, stack(0x000000001a6f0000,0x000000001a7f0000)]
  0x0000000018bcb000 JavaThread "Daemon periodic checks" [_thread_blocked, id=28940, stack(0x0000000019bf0000,0x0000000019cf0000)]
  0x0000000018c4d800 JavaThread "Incoming local TCP Connector on port 8449" [_thread_in_native, id=23948, stack(0x00000000199b0000,0x0000000019ab0000)]
  0x0000000015dbe800 JavaThread "Service Thread" daemon [_thread_blocked, id=22780, stack(0x0000000017aa0000,0x0000000017ba0000)]
  0x0000000015d6c000 JavaThread "C1 CompilerThread2" daemon [_thread_blocked, id=33524, stack(0x00000000175a0000,0x00000000176a0000)]
  0x0000000015d64800 JavaThread "C2 CompilerThread1" daemon [_thread_in_native, id=32172, stack(0x00000000174a0000,0x00000000175a0000)]
=>0x0000000015d60000 JavaThread "C2 CompilerThread0" daemon [_thread_in_native, id=25392, stack(0x00000000173a0000,0x00000000174a0000)]
  0x0000000015d5e800 JavaThread "Attach Listener" daemon [_thread_blocked, id=23396, stack(0x00000000172a0000,0x00000000173a0000)]
  0x0000000015d5d800 JavaThread "Signal Dispatcher" daemon [_thread_blocked, id=32272, stack(0x00000000171a0000,0x00000000172a0000)]
  0x00000000023e9800 JavaThread "Finalizer" daemon [_thread_blocked, id=19920, stack(0x0000000016fb0000,0x00000000170b0000)]
  0x00000000023e4000 JavaThread "Reference Handler" daemon [_thread_blocked, id=27708, stack(0x0000000016eb0000,0x0000000016fb0000)]
  0x00000000022f2800 JavaThread "main" [_thread_blocked, id=33788, stack(0x00000000021f0000,0x00000000022f0000)]

Other Threads:
  0x0000000015d26800 VMThread [stack: 0x0000000016db0000,0x0000000016eb0000] [id=20540]
  0x00000000176d1800 WatcherThread [stack: 0x0000000017ba0000,0x0000000017ca0000] [id=33776]

VM state:not at safepoint (normal execution)

VM Mutex/Monitor currently owned by a thread: None

Heap:
 PSYoungGen      total 470016K, used 278331K [0x00000000e0000000, 0x0000000100000000, 0x0000000100000000)
  eden space 443392K, 61% used [0x00000000e0000000,0x00000000f0c03b58,0x00000000fb100000)
  from space 26624K, 14% used [0x00000000fb100000,0x00000000fb4cb2a0,0x00000000fcb00000)
  to   space 26624K, 0% used [0x00000000fe600000,0x00000000fe600000,0x0000000100000000)
 ParOldGen       total 143360K, used 68475K [0x00000000a0000000, 0x00000000a8c00000, 0x00000000e0000000)
  object space 143360K, 47% used [0x00000000a0000000,0x00000000a42def70,0x00000000a8c00000)
 Metaspace       used 87867K, capacity 94092K, committed 94336K, reserved 1130496K
  class space    used 11304K, capacity 12647K, committed 12672K, reserved 1048576K

Card table byte_map: [0x00000000117b0000,0x0000000011ac0000] byte_map_base: 0x00000000112b0000

Marking Bits: (ParMarkBitMap*) 0x000000006bda4970
 Begin Bits: [0x00000000120c0000, 0x00000000138c0000)
 End Bits:   [0x00000000138c0000, 0x00000000150c0000)

Polling page: 0x00000000004f0000

CodeCache: size=245760Kb used=58034Kb max_used=58038Kb free=187725Kb
 bounds [0x00000000023f0000, 0x0000000005cf0000, 0x00000000113f0000]
 total_blobs=17994 nmethods=17131 adapters=773
 compilation: enabled

Compilation events (10 events):
Event: 442.745 Thread 0x0000000015d6c000 nmethod 21327 0x0000000005ccc5d0 code [0x0000000005ccc760, 0x0000000005cccc98]
Event: 442.757 Thread 0x0000000015d6c000 21328       1       com.android.ide.common.res2.CompileResourceRequest::getInputFile (5 bytes)
Event: 442.758 Thread 0x0000000015d6c000 nmethod 21328 0x0000000005cd2b10 code [0x0000000005cd2c60, 0x0000000005cd2d70]
Event: 442.765 Thread 0x0000000015d64800 21329       4       com.android.ide.common.res2.NodeUtils::updateNamespace (161 bytes)
Event: 442.794 Thread 0x0000000015d6c000 21332       3       com.google.common.util.concurrent.AbstractFuture::complete (104 bytes)
Event: 442.795 Thread 0x0000000015d6c000 nmethod 21332 0x0000000005cd9710 code [0x0000000005cd9900, 0x0000000005cda0a8]
Event: 442.802 Thread 0x0000000015d6c000 21333       3       java.nio.charset.CharsetEncoder::flush (49 bytes)
Event: 442.802 Thread 0x0000000015d6c000 nmethod 21333 0x0000000005cd9010 code [0x0000000005cd91a0, 0x0000000005cd95c8]
Event: 442.802 Thread 0x0000000015d6c000 21334       3       java.nio.charset.CharsetEncoder::implFlush (4 bytes)
Event: 442.803 Thread 0x0000000015d6c000 nmethod 21334 0x0000000005cd8d10 code [0x0000000005cd8e60, 0x0000000005cd8fb0]

GC Heap History (10 events):
Event: 120.841 GC heap before
{Heap before GC invocations=22 (full 3):
 PSYoungGen      total 381952K, used 368612K [0x00000000e0000000, 0x00000000f9180000, 0x0000000100000000)
  eden space 361984K, 100% used [0x00000000e0000000,0x00000000f6180000,0x00000000f6180000)
  from space 19968K, 33% used [0x00000000f7e00000,0x00000000f8479080,0x00000000f9180000)
  to   space 24576K, 0% used [0x00000000f6180000,0x00000000f6180000,0x00000000f7980000)
 ParOldGen       total 143360K, used 66135K [0x00000000a0000000, 0x00000000a8c00000, 0x00000000e0000000)
  object space 143360K, 46% used [0x00000000a0000000,0x00000000a4095ee8,0x00000000a8c00000)
 Metaspace       used 81731K, capacity 86132K, committed 86400K, reserved 1124352K
  class space    used 10605K, capacity 11572K, committed 11648K, reserved 1048576K
Event: 120.862 GC heap after
Heap after GC invocations=22 (full 3):
 PSYoungGen      total 386560K, used 6504K [0x00000000e0000000, 0x00000000fbb00000, 0x0000000100000000)
  eden space 361984K, 0% used [0x00000000e0000000,0x00000000e0000000,0x00000000f6180000)
  from space 24576K, 26% used [0x00000000f6180000,0x00000000f67da168,0x00000000f7980000)
  to   space 24064K, 0% used [0x00000000fa380000,0x00000000fa380000,0x00000000fbb00000)
 ParOldGen       total 143360K, used 66143K [0x00000000a0000000, 0x00000000a8c00000, 0x00000000e0000000)
  object space 143360K, 46% used [0x00000000a0000000,0x00000000a4097ee8,0x00000000a8c00000)
 Metaspace       used 81731K, capacity 86132K, committed 86400K, reserved 1124352K
  class space    used 10605K, capacity 11572K, committed 11648K, reserved 1048576K
}
Event: 122.945 GC heap before
{Heap before GC invocations=23 (full 3):
 PSYoungGen      total 386560K, used 368488K [0x00000000e0000000, 0x00000000fbb00000, 0x0000000100000000)
  eden space 361984K, 100% used [0x00000000e0000000,0x00000000f6180000,0x00000000f6180000)
  from space 24576K, 26% used [0x00000000f6180000,0x00000000f67da168,0x00000000f7980000)
  to   space 24064K, 0% used [0x00000000fa380000,0x00000000fa380000,0x00000000fbb00000)
 ParOldGen       total 143360K, used 66143K [0x00000000a0000000, 0x00000000a8c00000, 0x00000000e0000000)
  object space 143360K, 46% used [0x00000000a0000000,0x00000000a4097ee8,0x00000000a8c00000)
 Metaspace       used 81763K, capacity 86196K, committed 86400K, reserved 1124352K
  class space    used 10605K, capacity 11572K, committed 11648K, reserved 1048576K
Event: 122.977 GC heap after
Heap after GC invocations=23 (full 3):
 PSYoungGen      total 430080K, used 13045K [0x00000000e0000000, 0x00000000fbb00000, 0x0000000100000000)
  eden space 406016K, 0% used [0x00000000e0000000,0x00000000e0000000,0x00000000f8c80000)
  from space 24064K, 54% used [0x00000000fa380000,0x00000000fb03d7e8,0x00000000fbb00000)
  to   space 23552K, 0% used [0x00000000f8c80000,0x00000000f8c80000,0x00000000fa380000)
 ParOldGen       total 143360K, used 66151K [0x00000000a0000000, 0x00000000a8c00000, 0x00000000e0000000)
  object space 143360K, 46% used [0x00000000a0000000,0x00000000a4099ee8,0x00000000a8c00000)
 Metaspace       used 81763K, capacity 86196K, committed 86400K, reserved 1124352K
  class space    used 10605K, capacity 11572K, committed 11648K, reserved 1048576K
}
Event: 133.246 GC heap before
{Heap before GC invocations=24 (full 3):
 PSYoungGen      total 430080K, used 419061K [0x00000000e0000000, 0x00000000fbb00000, 0x0000000100000000)
  eden space 406016K, 100% used [0x00000000e0000000,0x00000000f8c80000,0x00000000f8c80000)
  from space 24064K, 54% used [0x00000000fa380000,0x00000000fb03d7e8,0x00000000fbb00000)
  to   space 23552K, 0% used [0x00000000f8c80000,0x00000000f8c80000,0x00000000fa380000)
 ParOldGen       total 143360K, used 66151K [0x00000000a0000000, 0x00000000a8c00000, 0x00000000e0000000)
  object space 143360K, 46% used [0x00000000a0000000,0x00000000a4099ee8,0x00000000a8c00000)
 Metaspace       used 82566K, capacity 87154K, committed 87296K, reserved 1124352K
  class space    used 10684K, capacity 11711K, committed 11776K, reserved 1048576K
Event: 133.286 GC heap after
Heap after GC invocations=24 (full 3):
 PSYoungGen      total 429568K, used 23551K [0x00000000e0000000, 0x00000000feb80000, 0x0000000100000000)
  eden space 406016K, 0% used [0x00000000e0000000,0x00000000e0000000,0x00000000f8c80000)
  from space 23552K, 99% used [0x00000000f8c80000,0x00000000fa37fda8,0x00000000fa380000)
  to   space 27136K, 0% used [0x00000000fd100000,0x00000000fd100000,0x00000000feb80000)
 ParOldGen       total 143360K, used 66551K [0x00000000a0000000, 0x00000000a8c00000, 0x00000000e0000000)
  object space 143360K, 46% used [0x00000000a0000000,0x00000000a40fde40,0x00000000a8c00000)
 Metaspace       used 82566K, capacity 87154K, committed 87296K, reserved 1124352K
  class space    used 10684K, capacity 11711K, committed 11776K, reserved 1048576K
}
Event: 137.604 GC heap before
{Heap before GC invocations=25 (full 3):
 PSYoungGen      total 429568K, used 429358K [0x00000000e0000000, 0x00000000feb80000, 0x0000000100000000)
  eden space 406016K, 99% used [0x00000000e0000000,0x00000000f8c4bb98,0x00000000f8c80000)
  from space 23552K, 99% used [0x00000000f8c80000,0x00000000fa37fda8,0x00000000fa380000)
  to   space 27136K, 0% used [0x00000000fd100000,0x00000000fd100000,0x00000000feb80000)
 ParOldGen       total 143360K, used 66551K [0x00000000a0000000, 0x00000000a8c00000, 0x00000000e0000000)
  object space 143360K, 46% used [0x00000000a0000000,0x00000000a40fde40,0x00000000a8c00000)
 Metaspace       used 83738K, capacity 88584K, committed 88832K, reserved 1126400K
  class space    used 10878K, capacity 11916K, committed 12032K, reserved 1048576K
Event: 137.618 GC heap after
Heap after GC invocations=25 (full 3):
 PSYoungGen      total 463872K, used 5520K [0x00000000e0000000, 0x00000000fe500000, 0x0000000100000000)
  eden space 443392K, 0% used [0x00000000e0000000,0x00000000e0000000,0x00000000fb100000)
  from space 20480K, 26% used [0x00000000fd100000,0x00000000fd664168,0x00000000fe500000)
  to   space 26624K, 0% used [0x00000000fb100000,0x00000000fb100000,0x00000000fcb00000)
 ParOldGen       total 143360K, used 68467K [0x00000000a0000000, 0x00000000a8c00000, 0x00000000e0000000)
  object space 143360K, 47% used [0x00000000a0000000,0x00000000a42dcf70,0x00000000a8c00000)
 Metaspace       used 83738K, capacity 88584K, committed 88832K, reserved 1126400K
  class space    used 10878K, capacity 11916K, committed 12032K, reserved 1048576K
}
Event: 375.792 GC heap before
{Heap before GC invocations=26 (full 3):
 PSYoungGen      total 463872K, used 448912K [0x00000000e0000000, 0x00000000fe500000, 0x0000000100000000)
  eden space 443392K, 100% used [0x00000000e0000000,0x00000000fb100000,0x00000000fb100000)
  from space 20480K, 26% used [0x00000000fd100000,0x00000000fd664168,0x00000000fe500000)
  to   space 26624K, 0% used [0x00000000fb100000,0x00000000fb100000,0x00000000fcb00000)
 ParOldGen       total 143360K, used 68467K [0x00000000a0000000, 0x00000000a8c00000, 0x00000000e0000000)
  object space 143360K, 47% used [0x00000000a0000000,0x00000000a42dcf70,0x00000000a8c00000)
 Metaspace       used 86085K, capacity 92028K, committed 92160K, reserved 1128448K
  class space    used 11160K, capacity 12420K, committed 12544K, reserved 1048576K
Event: 375.814 GC heap after
Heap after GC invocations=26 (full 3):
 PSYoungGen      total 470016K, used 3884K [0x00000000e0000000, 0x0000000100000000, 0x0000000100000000)
  eden space 443392K, 0% used [0x00000000e0000000,0x00000000e0000000,0x00000000fb100000)
  from space 26624K, 14% used [0x00000000fb100000,0x00000000fb4cb2a0,0x00000000fcb00000)
  to   space 26624K, 0% used [0x00000000fe600000,0x00000000fe600000,0x0000000100000000)
 ParOldGen       total 143360K, used 68475K [0x00000000a0000000, 0x00000000a8c00000, 0x00000000e0000000)
  object space 143360K, 47% used [0x00000000a0000000,0x00000000a42def70,0x00000000a8c00000)
 Metaspace       used 86085K, capacity 92028K, committed 92160K, reserved 1128448K
  class space    used 11160K, capacity 12420K, committed 12544K, reserved 1048576K
}

Deoptimization events (10 events):
Event: 441.887 Thread 0x000000001c7d3800 Uncommon trap: reason=class_check action=maybe_recompile pc=0x0000000005b5c828 method=com.sun.org.apache.xerces.internal.dom.ElementImpl.getAttributes()Lorg/w3c/dom/NamedNodeMap; @ 8
Event: 441.887 Thread 0x000000001c7d3800 Uncommon trap: reason=class_check action=maybe_recompile pc=0x0000000005b5c828 method=com.sun.org.apache.xerces.internal.dom.ElementImpl.getAttributes()Lorg/w3c/dom/NamedNodeMap; @ 8
Event: 441.888 Thread 0x000000001c7d3800 Uncommon trap: reason=class_check action=maybe_recompile pc=0x0000000005b5c828 method=com.sun.org.apache.xerces.internal.dom.ElementImpl.getAttributes()Lorg/w3c/dom/NamedNodeMap; @ 8
Event: 442.301 Thread 0x000000001c7d3800 Uncommon trap: reason=unstable_if action=reinterpret pc=0x000000000521461c method=java.util.Arrays.sort([Ljava/lang/Object;Ljava/util/Comparator;)V @ 1
Event: 442.326 Thread 0x000000001c7d3800 Uncommon trap: reason=class_check action=maybe_recompile pc=0x0000000005c96f40 method=com.sun.org.apache.xerces.internal.dom.NamedNodeMapImpl.item(I)Lorg/w3c/dom/Node; @ 33
Event: 442.326 Thread 0x000000001c7d3800 Uncommon trap: reason=class_check action=maybe_recompile pc=0x0000000005c96f40 method=com.sun.org.apache.xerces.internal.dom.NamedNodeMapImpl.item(I)Lorg/w3c/dom/Node; @ 33
Event: 442.327 Thread 0x000000001c7d3800 Uncommon trap: reason=class_check action=maybe_recompile pc=0x0000000005c96f40 method=com.sun.org.apache.xerces.internal.dom.NamedNodeMapImpl.item(I)Lorg/w3c/dom/Node; @ 33
Event: 442.327 Thread 0x000000001c7d3800 Uncommon trap: reason=class_check action=maybe_recompile pc=0x0000000005c96f40 method=com.sun.org.apache.xerces.internal.dom.NamedNodeMapImpl.item(I)Lorg/w3c/dom/Node; @ 33
Event: 442.353 Thread 0x000000001c7d3800 Uncommon trap: reason=null_check action=make_not_entrant pc=0x0000000005ca7b2c method=com.android.ide.common.res2.NodeUtils.processSingleNodeNamespace(Lorg/w3c/dom/Node;Lorg/w3c/dom/Document;)Z @ 8
Event: 442.379 Thread 0x000000001c7d3800 Uncommon trap: reason=unstable_if action=reinterpret pc=0x0000000005cae3d4 method=com.android.ide.common.res2.NodeUtils.processSingleNodeNamespace(Lorg/w3c/dom/Node;Lorg/w3c/dom/Document;)Z @ 24

Classes redefined (0 events):
No events

Internal exceptions (10 events):
Event: 437.747 Thread 0x0000000018c7a800 Exception <a 'sun/nio/fs/WindowsException'> (0x00000000eaafd918) thrown at [D:\src\AOSP-openjdk-cygwin\jdk8u\hotspot\src\share\vm\prims\jni.cpp, line 709]
Event: 437.747 Thread 0x0000000018c7a800 Exception <a 'sun/nio/fs/WindowsException'> (0x00000000eab00118) thrown at [D:\src\AOSP-openjdk-cygwin\jdk8u\hotspot\src\share\vm\prims\jni.cpp, line 709]
Event: 437.747 Thread 0x0000000018c7a800 Exception <a 'sun/nio/fs/WindowsException'> (0x00000000eab01188) thrown at [D:\src\AOSP-openjdk-cygwin\jdk8u\hotspot\src\share\vm\prims\jni.cpp, line 709]
Event: 438.306 Thread 0x0000000018c7a800 Exception <a 'sun/nio/fs/WindowsException'> (0x00000000eb2381d8) thrown at [D:\src\AOSP-openjdk-cygwin\jdk8u\hotspot\src\share\vm\prims\jni.cpp, line 709]
Event: 439.660 Thread 0x000000001c7cf000 Exception <a 'sun/nio/fs/WindowsException'> (0x00000000ecbce960) thrown at [D:\src\AOSP-openjdk-cygwin\jdk8u\hotspot\src\share\vm\prims\jni.cpp, line 709]
Event: 439.660 Thread 0x000000001c7cf000 Exception <a 'sun/nio/fs/WindowsException'> (0x00000000ecbcf260) thrown at [D:\src\AOSP-openjdk-cygwin\jdk8u\hotspot\src\share\vm\prims\jni.cpp, line 709]
Event: 439.661 Thread 0x000000001c7cf000 Exception <a 'sun/nio/fs/WindowsException'> (0x00000000ecbd0300) thrown at [D:\src\AOSP-openjdk-cygwin\jdk8u\hotspot\src\share\vm\prims\jni.cpp, line 709]
Event: 439.661 Thread 0x000000001c7cf000 Exception <a 'sun/nio/fs/WindowsException'> (0x00000000ecbd0c08) thrown at [D:\src\AOSP-openjdk-cygwin\jdk8u\hotspot\src\share\vm\prims\jni.cpp, line 709]
Event: 440.041 Thread 0x000000001c7d3800 Implicit null exception at 0x0000000003ae669e to 0x0000000003ae6821
Event: 442.353 Thread 0x000000001c7d3800 Implicit null exception at 0x0000000005ca79d7 to 0x0000000005ca7b1b

Events (10 events):
Event: 442.630 Executing VM operation: RevokeBias
Event: 442.630 Executing VM operation: RevokeBias done
Event: 442.640 Executing VM operation: RevokeBias
Event: 442.640 Executing VM operation: RevokeBias done
Event: 442.651 Executing VM operation: RevokeBias
Event: 442.652 Executing VM operation: RevokeBias done
Event: 442.690 Thread 0x000000001c7d3800 DEOPT PACKING pc=0x0000000005cc6ff3 sp=0x00000000353bd060
Event: 442.690 Thread 0x000000001c7d3800 DEOPT UNPACKING pc=0x00000000024375d0 sp=0x00000000353bce68 mode 0
Event: 442.766 Thread 0x000000001c7d3800 DEOPT PACKING pc=0x0000000005cc6ff3 sp=0x00000000353bd060
Event: 442.766 Thread 0x000000001c7d3800 DEOPT UNPACKING pc=0x00000000024375d0 sp=0x00000000353bce68 mode 0


Dynamic libraries:
0x00007ff60baa0000 - 0x00007ff60bad1000 	C:\Program Files\Android\Android Studio\jre\bin\java.exe
0x00007ffb25310000 - 0x00007ffb254f1000 	C:\WINDOWS\SYSTEM32\ntdll.dll
0x00007ffb24fc0000 - 0x00007ffb25072000 	C:\WINDOWS\System32\KERNEL32.DLL
0x00007ffb22230000 - 0x00007ffb224a3000 	C:\WINDOWS\System32\KERNELBASE.dll
0x00007ffb22d20000 - 0x00007ffb22dc1000 	C:\WINDOWS\System32\ADVAPI32.dll
0x00007ffb24e40000 - 0x00007ffb24ede000 	C:\WINDOWS\System32\msvcrt.dll
0x00007ffb231d0000 - 0x00007ffb2322b000 	C:\WINDOWS\System32\sechost.dll
0x00007ffb22bf0000 - 0x00007ffb22d14000 	C:\WINDOWS\System32\RPCRT4.dll
0x00007ffb22fe0000 - 0x00007ffb23170000 	C:\WINDOWS\System32\USER32.dll
0x00007ffb22590000 - 0x00007ffb225b0000 	C:\WINDOWS\System32\win32u.dll
0x00007ffb22f90000 - 0x00007ffb22fb8000 	C:\WINDOWS\System32\GDI32.dll
0x00007ffb216e0000 - 0x00007ffb21872000 	C:\WINDOWS\System32\gdi32full.dll
0x00007ffb22190000 - 0x00007ffb2222f000 	C:\WINDOWS\System32\msvcp_win.dll
0x00007ffb22090000 - 0x00007ffb2218a000 	C:\WINDOWS\System32\ucrtbase.dll
0x00007ffb11c60000 - 0x00007ffb11ec9000 	C:\WINDOWS\WinSxS\amd64_microsoft.windows.common-controls_6595b64144ccf1df_6.0.17134.165_none_fb429645306569ac\COMCTL32.dll
0x00007ffb24970000 - 0x00007ffb24c93000 	C:\WINDOWS\System32\combase.dll
0x00007ffb224b0000 - 0x00007ffb2252a000 	C:\WINDOWS\System32\bcryptPrimitives.dll
0x00007ffb25080000 - 0x00007ffb250ad000 	C:\WINDOWS\System32\IMM32.DLL
0x000000006b4e0000 - 0x000000006b5b2000 	C:\Program Files\Android\Android Studio\jre\jre\bin\msvcr100.dll
0x000000006b5e0000 - 0x000000006be1f000 	C:\Program Files\Android\Android Studio\jre\jre\bin\server\jvm.dll
0x00007ffb23230000 - 0x00007ffb23238000 	C:\WINDOWS\System32\PSAPI.DLL
0x00007ffb1d4e0000 - 0x00007ffb1d503000 	C:\WINDOWS\SYSTEM32\WINMM.dll
0x00007ffb0cfb0000 - 0x00007ffb0cfb9000 	C:\WINDOWS\SYSTEM32\WSOCK32.dll
0x00007ffb20240000 - 0x00007ffb2024a000 	C:\WINDOWS\SYSTEM32\VERSION.dll
0x00007ffb25200000 - 0x00007ffb2526c000 	C:\WINDOWS\System32\WS2_32.dll
0x00007ffb1d4b0000 - 0x00007ffb1d4da000 	C:\WINDOWS\SYSTEM32\WINMMBASE.dll
0x00007ffb21f90000 - 0x00007ffb21fd9000 	C:\WINDOWS\System32\cfgmgr32.dll
0x00007ffb1e2a0000 - 0x00007ffb1e2af000 	C:\Program Files\Android\Android Studio\jre\jre\bin\verify.dll
0x00007ffb19370000 - 0x00007ffb19399000 	C:\Program Files\Android\Android Studio\jre\jre\bin\java.dll
0x00007ffaf7d60000 - 0x00007ffaf7d76000 	C:\Program Files\Android\Android Studio\jre\jre\bin\zip.dll
0x00007ffb233a0000 - 0x00007ffb247e0000 	C:\WINDOWS\System32\SHELL32.dll
0x00007ffb250b0000 - 0x00007ffb25159000 	C:\WINDOWS\System32\shcore.dll
0x00007ffb21880000 - 0x00007ffb21f8d000 	C:\WINDOWS\System32\windows.storage.dll
0x00007ffb23170000 - 0x00007ffb231c1000 	C:\WINDOWS\System32\shlwapi.dll
0x00007ffb216a0000 - 0x00007ffb216b1000 	C:\WINDOWS\System32\kernel.appcore.dll
0x00007ffb21680000 - 0x00007ffb2169f000 	C:\WINDOWS\System32\profapi.dll
0x00007ffb21630000 - 0x00007ffb2167c000 	C:\WINDOWS\System32\powrprof.dll
0x00007ffb21620000 - 0x00007ffb2162a000 	C:\WINDOWS\System32\FLTLIB.DLL
0x00007ffaf7990000 - 0x00007ffaf79aa000 	C:\Program Files\Android\Android Studio\jre\jre\bin\net.dll
0x00007ffb20ea0000 - 0x00007ffb20f06000 	C:\WINDOWS\system32\mswsock.dll
0x00007ffaf6960000 - 0x00007ffaf6971000 	C:\Program Files\Android\Android Studio\jre\jre\bin\nio.dll
0x00007ffb10220000 - 0x00007ffb1023e000 	C:\Users\Huu Ty\.gradle\native\25\windows-amd64\native-platform.dll
0x00007ffb19360000 - 0x00007ffb1936d000 	C:\Program Files\Android\Android Studio\jre\jre\bin\management.dll
0x00007ffb21050000 - 0x00007ffb21067000 	C:\WINDOWS\SYSTEM32\CRYPTSP.dll
0x00007ffb20a80000 - 0x00007ffb20ab3000 	C:\WINDOWS\system32\rsaenh.dll
0x00007ffb21180000 - 0x00007ffb211a5000 	C:\WINDOWS\SYSTEM32\bcrypt.dll
0x00007ffb21520000 - 0x00007ffb21548000 	C:\WINDOWS\SYSTEM32\USERENV.dll
0x00007ffb21070000 - 0x00007ffb2107b000 	C:\WINDOWS\SYSTEM32\CRYPTBASE.dll
0x00007ffb20c20000 - 0x00007ffb20c58000 	C:\WINDOWS\SYSTEM32\IPHLPAPI.DLL
0x00007ffb252d0000 - 0x00007ffb252d8000 	C:\WINDOWS\System32\NSI.dll
0x00007ffb18750000 - 0x00007ffb18766000 	C:\WINDOWS\SYSTEM32\dhcpcsvc6.DLL
0x00007ffb1b8f0000 - 0x00007ffb1b90a000 	C:\WINDOWS\SYSTEM32\dhcpcsvc.DLL
0x00007ffaffc70000 - 0x00007ffaffc94000 	C:\Program Files\Android\Android Studio\jre\jre\bin\sunec.dll
0x00007ffb20c60000 - 0x00007ffb20d1e000 	C:\WINDOWS\SYSTEM32\DNSAPI.dll
0x00007ffb10750000 - 0x00007ffb1075a000 	C:\Windows\System32\rasadhlp.dll
0x00007ffb13240000 - 0x00007ffb132b2000 	C:\WINDOWS\System32\fwpuclnt.dll
0x00007ffb20320000 - 0x00007ffb2032b000 	C:\Program Files\Android\Android Studio\jre\jre\bin\sunmscapi.dll
0x00007ffb225b0000 - 0x00007ffb22792000 	C:\WINDOWS\System32\CRYPT32.dll
0x00007ffb216c0000 - 0x00007ffb216d2000 	C:\WINDOWS\System32\MSASN1.dll

VM Arguments:
jvm_args: -Xmx1536m -Dfile.encoding=windows-1252 -Duser.country=US -Duser.language=en -Duser.variant 
java_command: org.gradle.launcher.daemon.bootstrap.GradleDaemon 4.4
java_class_path (initial): C:\Users\Huu Ty\.gradle\wrapper\dists\gradle-4.4-all\9br9xq1tocpiv8o6njlyu5op1\gradle-4.4\lib\gradle-launcher-4.4.jar
Launcher Type: SUN_STANDARD

Environment Variables:
JAVA_HOME=C:\Program Files\Java\jdk1.8.0_171
USERNAME=Huu Ty
OS=Windows_NT
PROCESSOR_IDENTIFIER=Intel64 Family 6 Model 61 Stepping 4, GenuineIntel



---------------  S Y S T E M  ---------------

OS: Windows 10.0 , 64 bit Build 17134 (10.0.17134.1)

CPU:total 4 (initial active 4) (2 cores per cpu, 2 threads per core) family 6 model 61 stepping 4, cmov, cx8, fxsr, mmx, sse, sse2, sse3, ssse3, sse4.1, sse4.2, popcnt, avx, avx2, aes, clmul, erms, 3dnowpref, lzcnt, ht, tsc, tscinvbit, bmi1, bmi2, adx

Memory: 4k page, physical 8301008k(1396864k free), swap 8301008k(5972k free)

vm_info: OpenJDK 64-Bit Server VM (25.152-b02) for windows-amd64 JRE (1.8.0_152-release-1024-b02), built by "builder" with MS VC++ 10.0 (VS2010)

time: Sat Aug 04 20:53:33 2018
elapsed time: 442 seconds (0d 0h 7m 22s)

