#
# There is insufficient memory for the Java Runtime Environment to continue.
# Native memory allocation (malloc) failed to allocate 291664 bytes for Chunk::new
# Possible reasons:
#   The system is out of physical RAM or swap space
#   In 32 bit mode, the process size limit was hit
# Possible solutions:
#   Reduce memory load on the system
#   Increase physical memory or swap space
#   Check if swap backing store is full
#   Use 64 bit Java on a 64 bit OS
#   Decrease Java heap size (-Xmx/-Xms)
#   Decrease number of Java threads
#   Decrease Java thread stack sizes (-Xss)
#   Set larger code cache with -XX:ReservedCodeCacheSize=
# This output file may be truncated or incomplete.
#
#  Out of Memory Error (allocation.cpp:390), pid=28744, tid=0x0000000000003060
#
# JRE version: OpenJDK Runtime Environment (8.0_152-b02) (build 1.8.0_152-release-1024-b02)
# Java VM: OpenJDK 64-Bit Server VM (25.152-b02 mixed mode windows-amd64 compressed oops)
# Failed to write core dump. Minidumps are not enabled by default on client versions of Windows
#

---------------  T H R E A D  ---------------

Current thread (0x0000000015ddf000):  JavaThread "C2 CompilerThread0" daemon [_thread_in_native, id=12384, stack(0x0000000017430000,0x0000000017530000)]

Stack: [0x0000000017430000,0x0000000017530000]
[error occurred during error reporting (printing stack bounds), id 0xc0000005]

Native frames: (J=compiled Java code, j=interpreted, Vv=VM code, C=native code)


Current CompileTask:
C2:  16172 3089   !   4       java.net.URL::<init> (543 bytes)


---------------  P R O C E S S  ---------------

Java Threads: ( => current thread )
  0x000000001dfa4800 JavaThread "Cache worker for Artifact transforms cache (C:\Users\Huu Ty\.gradle\caches\transforms-1)" [_thread_blocked, id=12504, stack(0x000000001ce20000,0x000000001cf20000)]
  0x00000000194d0000 JavaThread "Cache worker for file hash cache (P:\Android Advanced\MyDynamicCalendarLibrary-master\MyDynamicCalendarLibrary-master\.gradle\4.4\fileHashes)" [_thread_blocked, id=32500, stack(0x000000001b950000,0x000000001ba50000)]
  0x0000000019200000 JavaThread "File lock request listener" [_thread_in_native, id=8492, stack(0x000000001a880000,0x000000001a980000)]
  0x0000000017689800 JavaThread "Cache worker for file hash cache (C:\Users\Huu Ty\.gradle\caches\4.4\fileHashes)" [_thread_blocked, id=15560, stack(0x000000001a780000,0x000000001a880000)]
  0x0000000017687000 JavaThread "Stdin handler" [_thread_blocked, id=32652, stack(0x000000001a480000,0x000000001a580000)]
  0x00000000180d9800 JavaThread "Asynchronous log dispatcher for DefaultDaemonConnection: socket connection from /127.0.0.1:8063 to /127.0.0.1:8064" [_thread_blocked, id=29212, stack(0x000000001a380000,0x000000001a480000)]
  0x00000000183fd000 JavaThread "Daemon worker" [_thread_in_native, id=23396, stack(0x000000001a280000,0x000000001a380000)]
  0x00000000183fc000 JavaThread "Cancel handler" [_thread_blocked, id=27708, stack(0x000000001a180000,0x000000001a280000)]
  0x0000000018344800 JavaThread "Handler for socket connection from /127.0.0.1:8063 to /127.0.0.1:8064" [_thread_in_native, id=28368, stack(0x0000000019e80000,0x0000000019f80000)]
  0x0000000018d69800 JavaThread "Daemon" [_thread_blocked, id=576, stack(0x0000000019d80000,0x0000000019e80000)]
  0x00000000186fd000 JavaThread "Daemon periodic checks" [_thread_blocked, id=28932, stack(0x0000000019c80000,0x0000000019d80000)]
  0x0000000018bce000 JavaThread "Incoming local TCP Connector on port 8063" [_thread_in_native, id=12900, stack(0x0000000019a40000,0x0000000019b40000)]
  0x0000000017538000 JavaThread "Service Thread" daemon [_thread_blocked, id=31536, stack(0x0000000017b30000,0x0000000017c30000)]
  0x0000000017532800 JavaThread "C1 CompilerThread2" daemon [_thread_blocked, id=32992, stack(0x0000000017a30000,0x0000000017b30000)]
  0x0000000015e3e000 JavaThread "C2 CompilerThread1" daemon [_thread_in_native, id=23232, stack(0x0000000017930000,0x0000000017a30000)]
=>0x0000000015ddf000 JavaThread "C2 CompilerThread0" daemon [_thread_in_native, id=12384, stack(0x0000000017430000,0x0000000017530000)]
  0x0000000015ddd800 JavaThread "Attach Listener" daemon [_thread_blocked, id=31820, stack(0x0000000017330000,0x0000000017430000)]
  0x0000000015ddc000 JavaThread "Signal Dispatcher" daemon [_thread_blocked, id=23668, stack(0x0000000017230000,0x0000000017330000)]
  0x00000000023ad000 JavaThread "Finalizer" daemon [_thread_blocked, id=7088, stack(0x0000000017040000,0x0000000017140000)]
  0x00000000023a2000 JavaThread "Reference Handler" daemon [_thread_blocked, id=19660, stack(0x0000000016f40000,0x0000000017040000)]
  0x00000000022b2800 JavaThread "main" [_thread_blocked, id=12588, stack(0x0000000002150000,0x0000000002250000)]

Other Threads:
  0x0000000015da6800 VMThread [stack: 0x0000000016e40000,0x0000000016f40000] [id=31008]
  0x0000000017539000 WatcherThread [stack: 0x0000000017c30000,0x0000000017d30000] [id=28624]

VM state:not at safepoint (normal execution)

VM Mutex/Monitor currently owned by a thread: None

Heap:
 PSYoungGen      total 99328K, used 14281K [0x00000000e0000000, 0x00000000e7b00000, 0x0000000100000000)
  eden space 87040K, 16% used [0x00000000e0000000,0x00000000e0df2678,0x00000000e5500000)
  from space 12288K, 0% used [0x00000000e5500000,0x00000000e5500000,0x00000000e6100000)
  to   space 10752K, 0% used [0x00000000e6100000,0x00000000e6100000,0x00000000e6b80000)
 ParOldGen       total 81408K, used 15807K [0x00000000a0000000, 0x00000000a4f80000, 0x00000000e0000000)
  object space 81408K, 19% used [0x00000000a0000000,0x00000000a0f6fc38,0x00000000a4f80000)
 Metaspace       used 35226K, capacity 36056K, committed 36440K, reserved 1081344K
  class space    used 4841K, capacity 5141K, committed 5248K, reserved 1048576K

Card table byte_map: [0x0000000011830000,0x0000000011b40000] byte_map_base: 0x0000000011330000

Marking Bits: (ParMarkBitMap*) 0x000000006bda4970
 Begin Bits: [0x0000000012140000, 0x0000000013940000)
 End Bits:   [0x0000000013940000, 0x0000000015140000)

Polling page: 0x0000000000420000

CodeCache: size=245760Kb used=11173Kb max_used=11261Kb free=234586Kb
 bounds [0x0000000002470000, 0x0000000002f80000, 0x0000000011470000]
 total_blobs=3554 nmethods=2872 adapters=595
 compilation: enabled

Compilation events (10 events):
Event: 15.948 Thread 0x0000000015e3e000 nmethod 3085 0x0000000002a0e250 code [0x0000000002a0e480, 0x0000000002a0ee60]
Event: 15.959 Thread 0x0000000015e3e000 3090       4       java.lang.ClassLoader::addClass (9 bytes)
Event: 15.964 Thread 0x0000000015e3e000 nmethod 3090 0x0000000002a14ed0 code [0x0000000002a15020, 0x0000000002a15408]
Event: 15.972 Thread 0x0000000017532800 3091       1       org.slf4j.impl.StaticLoggerBinder::getLoggerFactory (5 bytes)
Event: 15.972 Thread 0x0000000017532800 nmethod 3091 0x0000000002f64850 code [0x0000000002f649a0, 0x0000000002f64ab0]
Event: 15.973 Thread 0x0000000015e3e000 3092       4       java.lang.ClassLoader::defineClass (43 bytes)
Event: 16.019 Thread 0x0000000015e3e000 nmethod 3092 0x0000000002a09990 code [0x0000000002a09b80, 0x0000000002a0aa40]
Event: 16.020 Thread 0x0000000015e3e000 3093   !   4       java.security.SecureClassLoader::getProtectionDomain (114 bytes)
Event: 16.031 Thread 0x0000000017532800 3094       3       java.net.URLStreamHandler::sameFile (136 bytes)
Event: 16.032 Thread 0x0000000017532800 nmethod 3094 0x0000000002a0ce10 code [0x0000000002a0d000, 0x0000000002a0e008]

GC Heap History (10 events):
Event: 10.597 GC heap before
{Heap before GC invocations=7 (full 1):
 PSYoungGen      total 38400K, used 33280K [0x00000000e0000000, 0x00000000e5500000, 0x0000000100000000)
  eden space 33280K, 100% used [0x00000000e0000000,0x00000000e2080000,0x00000000e2080000)
  from space 5120K, 0% used [0x00000000e2080000,0x00000000e2080000,0x00000000e2580000)
  to   space 10240K, 0% used [0x00000000e4b00000,0x00000000e4b00000,0x00000000e5500000)
 ParOldGen       total 59392K, used 8168K [0x00000000a0000000, 0x00000000a3a00000, 0x00000000e0000000)
  object space 59392K, 13% used [0x00000000a0000000,0x00000000a07fa3f0,0x00000000a3a00000)
 Metaspace       used 24022K, capacity 24424K, committed 24704K, reserved 1071104K
  class space    used 3279K, capacity 3431K, committed 3456K, reserved 1048576K
Event: 10.606 GC heap after
Heap after GC invocations=7 (full 1):
 PSYoungGen      total 56832K, used 3614K [0x00000000e0000000, 0x00000000e4f00000, 0x0000000100000000)
  eden space 52736K, 0% used [0x00000000e0000000,0x00000000e0000000,0x00000000e3380000)
  from space 4096K, 88% used [0x00000000e4b00000,0x00000000e4e87af0,0x00000000e4f00000)
  to   space 10240K, 0% used [0x00000000e3b00000,0x00000000e3b00000,0x00000000e4500000)
 ParOldGen       total 59392K, used 8176K [0x00000000a0000000, 0x00000000a3a00000, 0x00000000e0000000)
  object space 59392K, 13% used [0x00000000a0000000,0x00000000a07fc3f0,0x00000000a3a00000)
 Metaspace       used 24022K, capacity 24424K, committed 24704K, reserved 1071104K
  class space    used 3279K, capacity 3431K, committed 3456K, reserved 1048576K
}
Event: 12.612 GC heap before
{Heap before GC invocations=8 (full 1):
 PSYoungGen      total 56832K, used 56350K [0x00000000e0000000, 0x00000000e4f00000, 0x0000000100000000)
  eden space 52736K, 100% used [0x00000000e0000000,0x00000000e3380000,0x00000000e3380000)
  from space 4096K, 88% used [0x00000000e4b00000,0x00000000e4e87af0,0x00000000e4f00000)
  to   space 10240K, 0% used [0x00000000e3b00000,0x00000000e3b00000,0x00000000e4500000)
 ParOldGen       total 59392K, used 8176K [0x00000000a0000000, 0x00000000a3a00000, 0x00000000e0000000)
  object space 59392K, 13% used [0x00000000a0000000,0x00000000a07fc3f0,0x00000000a3a00000)
 Metaspace       used 28756K, capacity 29312K, committed 29440K, reserved 1075200K
  class space    used 3888K, capacity 4071K, committed 4096K, reserved 1048576K
Event: 12.669 GC heap after
Heap after GC invocations=8 (full 1):
 PSYoungGen      total 70656K, used 7588K [0x00000000e0000000, 0x00000000e6b80000, 0x0000000100000000)
  eden space 60416K, 0% used [0x00000000e0000000,0x00000000e0000000,0x00000000e3b00000)
  from space 10240K, 74% used [0x00000000e3b00000,0x00000000e42690c0,0x00000000e4500000)
  to   space 10752K, 0% used [0x00000000e6100000,0x00000000e6100000,0x00000000e6b80000)
 ParOldGen       total 59392K, used 8184K [0x00000000a0000000, 0x00000000a3a00000, 0x00000000e0000000)
  object space 59392K, 13% used [0x00000000a0000000,0x00000000a07fe3f0,0x00000000a3a00000)
 Metaspace       used 28756K, capacity 29312K, committed 29440K, reserved 1075200K
  class space    used 3888K, capacity 4071K, committed 4096K, reserved 1048576K
}
Event: 15.215 GC heap before
{Heap before GC invocations=9 (full 1):
 PSYoungGen      total 70656K, used 68004K [0x00000000e0000000, 0x00000000e6b80000, 0x0000000100000000)
  eden space 60416K, 100% used [0x00000000e0000000,0x00000000e3b00000,0x00000000e3b00000)
  from space 10240K, 74% used [0x00000000e3b00000,0x00000000e42690c0,0x00000000e4500000)
  to   space 10752K, 0% used [0x00000000e6100000,0x00000000e6100000,0x00000000e6b80000)
 ParOldGen       total 59392K, used 8184K [0x00000000a0000000, 0x00000000a3a00000, 0x00000000e0000000)
  object space 59392K, 13% used [0x00000000a0000000,0x00000000a07fe3f0,0x00000000a3a00000)
 Metaspace       used 32820K, capacity 33496K, committed 33792K, reserved 1079296K
  class space    used 4528K, capacity 4779K, committed 4864K, reserved 1048576K
Event: 15.252 GC heap after
Heap after GC invocations=9 (full 1):
 PSYoungGen      total 97792K, used 10734K [0x00000000e0000000, 0x00000000e7b00000, 0x0000000100000000)
  eden space 87040K, 0% used [0x00000000e0000000,0x00000000e0000000,0x00000000e5500000)
  from space 10752K, 99% used [0x00000000e6100000,0x00000000e6b7b908,0x00000000e6b80000)
  to   space 12288K, 0% used [0x00000000e5500000,0x00000000e5500000,0x00000000e6100000)
 ParOldGen       total 59392K, used 8726K [0x00000000a0000000, 0x00000000a3a00000, 0x00000000e0000000)
  object space 59392K, 14% used [0x00000000a0000000,0x00000000a0885af0,0x00000000a3a00000)
 Metaspace       used 32820K, capacity 33496K, committed 33792K, reserved 1079296K
  class space    used 4528K, capacity 4779K, committed 4864K, reserved 1048576K
}
Event: 15.612 GC heap before
{Heap before GC invocations=10 (full 1):
 PSYoungGen      total 97792K, used 23895K [0x00000000e0000000, 0x00000000e7b00000, 0x0000000100000000)
  eden space 87040K, 15% used [0x00000000e0000000,0x00000000e0cda458,0x00000000e5500000)
  from space 10752K, 99% used [0x00000000e6100000,0x00000000e6b7b908,0x00000000e6b80000)
  to   space 12288K, 0% used [0x00000000e5500000,0x00000000e5500000,0x00000000e6100000)
 ParOldGen       total 59392K, used 8726K [0x00000000a0000000, 0x00000000a3a00000, 0x00000000e0000000)
  object space 59392K, 14% used [0x00000000a0000000,0x00000000a0885af0,0x00000000a3a00000)
 Metaspace       used 34419K, capacity 35218K, committed 35416K, reserved 1079296K
  class space    used 4720K, capacity 4987K, committed 4992K, reserved 1048576K
Event: 15.646 GC heap after
Heap after GC invocations=10 (full 1):
 PSYoungGen      total 99328K, used 7699K [0x00000000e0000000, 0x00000000e7b00000, 0x0000000100000000)
  eden space 87040K, 0% used [0x00000000e0000000,0x00000000e0000000,0x00000000e5500000)
  from space 12288K, 62% used [0x00000000e5500000,0x00000000e5c84fe8,0x00000000e6100000)
  to   space 10752K, 0% used [0x00000000e6100000,0x00000000e6100000,0x00000000e6b80000)
 ParOldGen       total 59392K, used 10422K [0x00000000a0000000, 0x00000000a3a00000, 0x00000000e0000000)
  object space 59392K, 17% used [0x00000000a0000000,0x00000000a0a2d9a0,0x00000000a3a00000)
 Metaspace       used 34419K, capacity 35218K, committed 35416K, reserved 1079296K
  class space    used 4720K, capacity 4987K, committed 4992K, reserved 1048576K
}
Event: 15.646 GC heap before
{Heap before GC invocations=11 (full 2):
 PSYoungGen      total 99328K, used 7699K [0x00000000e0000000, 0x00000000e7b00000, 0x0000000100000000)
  eden space 87040K, 0% used [0x00000000e0000000,0x00000000e0000000,0x00000000e5500000)
  from space 12288K, 62% used [0x00000000e5500000,0x00000000e5c84fe8,0x00000000e6100000)
  to   space 10752K, 0% used [0x00000000e6100000,0x00000000e6100000,0x00000000e6b80000)
 ParOldGen       total 59392K, used 10422K [0x00000000a0000000, 0x00000000a3a00000, 0x00000000e0000000)
  object space 59392K, 17% used [0x00000000a0000000,0x00000000a0a2d9a0,0x00000000a3a00000)
 Metaspace       used 34419K, capacity 35218K, committed 35416K, reserved 1079296K
  class space    used 4720K, capacity 4987K, committed 4992K, reserved 1048576K
Event: 15.796 GC heap after
Heap after GC invocations=11 (full 2):
 PSYoungGen      total 99328K, used 0K [0x00000000e0000000, 0x00000000e7b00000, 0x0000000100000000)
  eden space 87040K, 0% used [0x00000000e0000000,0x00000000e0000000,0x00000000e5500000)
  from space 12288K, 0% used [0x00000000e5500000,0x00000000e5500000,0x00000000e6100000)
  to   space 10752K, 0% used [0x00000000e6100000,0x00000000e6100000,0x00000000e6b80000)
 ParOldGen       total 81408K, used 15807K [0x00000000a0000000, 0x00000000a4f80000, 0x00000000e0000000)
  object space 81408K, 19% used [0x00000000a0000000,0x00000000a0f6fc38,0x00000000a4f80000)
 Metaspace       used 34397K, capacity 35190K, committed 35416K, reserved 1079296K
  class space    used 4713K, capacity 4979K, committed 4992K, reserved 1048576K
}

Deoptimization events (10 events):
Event: 15.426 Thread 0x00000000183fd000 Uncommon trap: reason=unstable_if action=reinterpret pc=0x0000000002a7599c method=sun.misc.MetaIndex.mayContain(Ljava/lang/String;)Z @ 38
Event: 15.480 Thread 0x00000000183fd000 Uncommon trap: reason=unstable_if action=reinterpret pc=0x0000000002eae8dc method=java.util.HashMap.putVal(ILjava/lang/Object;Ljava/lang/Object;ZZ)Ljava/lang/Object; @ 236
Event: 15.596 Thread 0x00000000183fd000 Uncommon trap: reason=unstable_if action=reinterpret pc=0x00000000028d47f0 method=java.lang.String.regionMatches(ZILjava/lang/String;II)Z @ 123
Event: 15.596 Thread 0x00000000183fd000 Uncommon trap: reason=unstable_if action=reinterpret pc=0x00000000028ef008 method=java.lang.String.regionMatches(ZILjava/lang/String;II)Z @ 123
Event: 15.610 Thread 0x00000000183fd000 Uncommon trap: reason=null_check action=make_not_entrant pc=0x0000000002c87204 method=java.net.URL.getURLStreamHandler(Ljava/lang/String;)Ljava/net/URLStreamHandler; @ 7
Event: 15.860 Thread 0x00000000183fd000 Uncommon trap: reason=unstable_if action=reinterpret pc=0x0000000002988350 method=sun.nio.cs.UTF_8$Decoder.decodeArrayLoop(Ljava/nio/ByteBuffer;Ljava/nio/CharBuffer;)Ljava/nio/charset/CoderResult; @ 84
Event: 15.860 Thread 0x00000000183fd000 Uncommon trap: reason=unstable_if action=reinterpret pc=0x000000000295823c method=java.lang.CharacterDataLatin1.isWhitespace(I)Z @ 14
Event: 15.863 Thread 0x00000000183fd000 Uncommon trap: reason=unstable_if action=reinterpret pc=0x00000000025aefc0 method=java.lang.CharacterData.of(I)Ljava/lang/CharacterData; @ 4
Event: 15.900 Thread 0x00000000183fd000 Uncommon trap: reason=unstable_if action=reinterpret pc=0x0000000002a179fc method=org.apache.http.conn.util.PublicSuffixListParser.readLine(Ljava/io/Reader;Ljava/lang/StringBuilder;)Z @ 15
Event: 16.154 Thread 0x00000000183fd000 Uncommon trap: reason=unstable_if action=reinterpret pc=0x00000000025a72a8 method=java.net.URI$Parser.scan(IILjava/lang/String;Ljava/lang/String;)I @ 23

Classes redefined (0 events):
No events

Internal exceptions (10 events):
Event: 14.818 Thread 0x00000000183fd000 Exception <a 'java/lang/ClassNotFoundException': org/gradle/api/internal/artifacts/dsl/DefaultRepositoryHandler_DecoratedCustomizer> (0x00000000e2ed8580) thrown at [D:\src\AOSP-openjdk-cygwin\jdk8u\hotspot\src\share\vm\classfile\systemDictionary.cpp, line
Event: 14.921 Thread 0x00000000183fd000 Exception <a 'java/lang/ClassNotFoundException': org/gradle/api/internal/artifacts/repositories/DefaultMavenArtifactRepository_DecoratedBeanInfo> (0x00000000e31c7118) thrown at [D:\src\AOSP-openjdk-cygwin\jdk8u\hotspot\src\share\vm\classfile\systemDiction
Event: 14.927 Thread 0x00000000183fd000 Exception <a 'java/lang/ClassNotFoundException': org/gradle/api/internal/artifacts/repositories/DefaultMavenArtifactRepositoryBeanInfo> (0x00000000e3212f40) thrown at [D:\src\AOSP-openjdk-cygwin\jdk8u\hotspot\src\share\vm\classfile\systemDictionary.cpp, l
Event: 14.929 Thread 0x00000000183fd000 Exception <a 'java/lang/ClassNotFoundException': org/gradle/api/internal/artifacts/repositories/AbstractAuthenticationSupportedRepositoryBeanInfo> (0x00000000e3265c48) thrown at [D:\src\AOSP-openjdk-cygwin\jdk8u\hotspot\src\share\vm\classfile\systemDictio
Event: 14.931 Thread 0x00000000183fd000 Exception <a 'java/lang/ClassNotFoundException': org/gradle/api/internal/artifacts/repositories/AbstractArtifactRepositoryBeanInfo> (0x00000000e32ae860) thrown at [D:\src\AOSP-openjdk-cygwin\jdk8u\hotspot\src\share\vm\classfile\systemDictionary.cpp, line 
Event: 14.933 Thread 0x00000000183fd000 Exception <a 'java/lang/ClassNotFoundException': org/gradle/api/internal/artifacts/repositories/AbstractArtifactRepositoryCustomizer> (0x00000000e32f9d58) thrown at [D:\src\AOSP-openjdk-cygwin\jdk8u\hotspot\src\share\vm\classfile\systemDictionary.cpp, lin
Event: 14.935 Thread 0x00000000183fd000 Exception <a 'java/lang/ClassNotFoundException': org/gradle/api/internal/artifacts/repositories/AbstractAuthenticationSupportedRepositoryCustomizer> (0x00000000e3353f38) thrown at [D:\src\AOSP-openjdk-cygwin\jdk8u\hotspot\src\share\vm\classfile\systemDict
Event: 14.939 Thread 0x00000000183fd000 Exception <a 'java/lang/ClassNotFoundException': org/gradle/api/internal/artifacts/repositories/DefaultMavenArtifactRepositoryCustomizer> (0x00000000e33b2048) thrown at [D:\src\AOSP-openjdk-cygwin\jdk8u\hotspot\src\share\vm\classfile\systemDictionary.cpp,
Event: 14.942 Thread 0x00000000183fd000 Exception <a 'java/lang/ClassNotFoundException': org/gradle/api/internal/artifacts/repositories/DefaultMavenArtifactRepository_DecoratedCustomizer> (0x00000000e3415d70) thrown at [D:\src\AOSP-openjdk-cygwin\jdk8u\hotspot\src\share\vm\classfile\systemDicti
Event: 15.610 Thread 0x00000000183fd000 Implicit null exception at 0x0000000002c84f9c to 0x0000000002c871f9

Events (10 events):
Event: 16.162 loading class org/apache/http/impl/cookie/RFC2109Spec
Event: 16.162 loading class org/apache/http/impl/cookie/RFC2109Spec done
Event: 16.163 loading class org/apache/http/impl/cookie/CookieSpecBase
Event: 16.163 loading class org/apache/http/impl/cookie/CookieSpecBase done
Event: 16.164 loading class org/apache/http/impl/cookie/AbstractCookieSpec
Event: 16.164 loading class org/apache/http/impl/cookie/AbstractCookieSpec done
Event: 16.165 loading class org/apache/http/cookie/SetCookie
Event: 16.165 loading class org/apache/http/cookie/SetCookie done
Event: 16.166 loading class org/apache/http/cookie/Cookie
Event: 16.166 loading class org/apache/http/cookie/Cookie done


Dynamic libraries:
0x00007ff60baa0000 - 0x00007ff60bad1000 	C:\Program Files\Android\Android Studio\jre\bin\java.exe
0x00007ffb25310000 - 0x00007ffb254f1000 	C:\WINDOWS\SYSTEM32\ntdll.dll
0x00007ffb24fc0000 - 0x00007ffb25072000 	C:\WINDOWS\System32\KERNEL32.DLL
0x00007ffb22230000 - 0x00007ffb224a3000 	C:\WINDOWS\System32\KERNELBASE.dll
0x00007ffb22d20000 - 0x00007ffb22dc1000 	C:\WINDOWS\System32\ADVAPI32.dll
0x00007ffb24e40000 - 0x00007ffb24ede000 	C:\WINDOWS\System32\msvcrt.dll
0x00007ffb231d0000 - 0x00007ffb2322b000 	C:\WINDOWS\System32\sechost.dll
0x00007ffb22bf0000 - 0x00007ffb22d14000 	C:\WINDOWS\System32\RPCRT4.dll
0x00007ffb22fe0000 - 0x00007ffb23170000 	C:\WINDOWS\System32\USER32.dll
0x00007ffb22590000 - 0x00007ffb225b0000 	C:\WINDOWS\System32\win32u.dll
0x00007ffb22f90000 - 0x00007ffb22fb8000 	C:\WINDOWS\System32\GDI32.dll
0x00007ffb216e0000 - 0x00007ffb21872000 	C:\WINDOWS\System32\gdi32full.dll
0x00007ffb22190000 - 0x00007ffb2222f000 	C:\WINDOWS\System32\msvcp_win.dll
0x00007ffb22090000 - 0x00007ffb2218a000 	C:\WINDOWS\System32\ucrtbase.dll
0x00007ffb11c60000 - 0x00007ffb11ec9000 	C:\WINDOWS\WinSxS\amd64_microsoft.windows.common-controls_6595b64144ccf1df_6.0.17134.165_none_fb429645306569ac\COMCTL32.dll
0x00007ffb24970000 - 0x00007ffb24c93000 	C:\WINDOWS\System32\combase.dll
0x00007ffb224b0000 - 0x00007ffb2252a000 	C:\WINDOWS\System32\bcryptPrimitives.dll
0x00007ffb25080000 - 0x00007ffb250ad000 	C:\WINDOWS\System32\IMM32.DLL
0x000000006b4e0000 - 0x000000006b5b2000 	C:\Program Files\Android\Android Studio\jre\jre\bin\msvcr100.dll
0x000000006b5e0000 - 0x000000006be1f000 	C:\Program Files\Android\Android Studio\jre\jre\bin\server\jvm.dll
0x00007ffb23230000 - 0x00007ffb23238000 	C:\WINDOWS\System32\PSAPI.DLL
0x00007ffb20240000 - 0x00007ffb2024a000 	C:\WINDOWS\SYSTEM32\VERSION.dll
0x00007ffb1d4e0000 - 0x00007ffb1d503000 	C:\WINDOWS\SYSTEM32\WINMM.dll
0x00007ffb0cfb0000 - 0x00007ffb0cfb9000 	C:\WINDOWS\SYSTEM32\WSOCK32.dll
0x00007ffb25200000 - 0x00007ffb2526c000 	C:\WINDOWS\System32\WS2_32.dll
0x00007ffb1d4b0000 - 0x00007ffb1d4da000 	C:\WINDOWS\SYSTEM32\WINMMBASE.dll
0x00007ffb21f90000 - 0x00007ffb21fd9000 	C:\WINDOWS\System32\cfgmgr32.dll
0x00007ffb1e2a0000 - 0x00007ffb1e2af000 	C:\Program Files\Android\Android Studio\jre\jre\bin\verify.dll
0x00007ffb19370000 - 0x00007ffb19399000 	C:\Program Files\Android\Android Studio\jre\jre\bin\java.dll
0x00007ffaf7d60000 - 0x00007ffaf7d76000 	C:\Program Files\Android\Android Studio\jre\jre\bin\zip.dll
0x00007ffb233a0000 - 0x00007ffb247e0000 	C:\WINDOWS\System32\SHELL32.dll
0x00007ffb250b0000 - 0x00007ffb25159000 	C:\WINDOWS\System32\shcore.dll
0x00007ffb21880000 - 0x00007ffb21f8d000 	C:\WINDOWS\System32\windows.storage.dll
0x00007ffb23170000 - 0x00007ffb231c1000 	C:\WINDOWS\System32\shlwapi.dll
0x00007ffb216a0000 - 0x00007ffb216b1000 	C:\WINDOWS\System32\kernel.appcore.dll
0x00007ffb21680000 - 0x00007ffb2169f000 	C:\WINDOWS\System32\profapi.dll
0x00007ffb21630000 - 0x00007ffb2167c000 	C:\WINDOWS\System32\powrprof.dll
0x00007ffb21620000 - 0x00007ffb2162a000 	C:\WINDOWS\System32\FLTLIB.DLL
0x00007ffaf7990000 - 0x00007ffaf79aa000 	C:\Program Files\Android\Android Studio\jre\jre\bin\net.dll
0x00007ffb20ea0000 - 0x00007ffb20f06000 	C:\WINDOWS\system32\mswsock.dll
0x00007ffaf6960000 - 0x00007ffaf6971000 	C:\Program Files\Android\Android Studio\jre\jre\bin\nio.dll
0x00007ffb10220000 - 0x00007ffb1023e000 	C:\Users\Huu Ty\.gradle\native\25\windows-amd64\native-platform.dll
0x00007ffb19360000 - 0x00007ffb1936d000 	C:\Program Files\Android\Android Studio\jre\jre\bin\management.dll
0x00007ffb21050000 - 0x00007ffb21067000 	C:\WINDOWS\SYSTEM32\CRYPTSP.dll
0x00007ffb20a80000 - 0x00007ffb20ab3000 	C:\WINDOWS\system32\rsaenh.dll
0x00007ffb21180000 - 0x00007ffb211a5000 	C:\WINDOWS\SYSTEM32\bcrypt.dll
0x00007ffb21520000 - 0x00007ffb21548000 	C:\WINDOWS\SYSTEM32\USERENV.dll
0x00007ffb21070000 - 0x00007ffb2107b000 	C:\WINDOWS\SYSTEM32\CRYPTBASE.dll
0x00007ffb20c20000 - 0x00007ffb20c58000 	C:\WINDOWS\SYSTEM32\IPHLPAPI.DLL
0x00007ffb252d0000 - 0x00007ffb252d8000 	C:\WINDOWS\System32\NSI.dll
0x00007ffb18750000 - 0x00007ffb18766000 	C:\WINDOWS\SYSTEM32\dhcpcsvc6.DLL
0x00007ffb1b8f0000 - 0x00007ffb1b90a000 	C:\WINDOWS\SYSTEM32\dhcpcsvc.DLL
0x00007ffaffc70000 - 0x00007ffaffc94000 	C:\Program Files\Android\Android Studio\jre\jre\bin\sunec.dll

VM Arguments:
jvm_args: -Xmx1536m -Dfile.encoding=windows-1252 -Duser.country=US -Duser.language=en -Duser.variant 
java_command: org.gradle.launcher.daemon.bootstrap.GradleDaemon 4.4
java_class_path (initial): C:\Users\Huu Ty\.gradle\wrapper\dists\gradle-4.4-all\9br9xq1tocpiv8o6njlyu5op1\gradle-4.4\lib\gradle-launcher-4.4.jar
Launcher Type: SUN_STANDARD

Environment Variables:
JAVA_HOME=C:\Program Files\Java\jdk1.8.0_171
USERNAME=Huu Ty
OS=Windows_NT
PROCESSOR_IDENTIFIER=Intel64 Family 6 Model 61 Stepping 4, GenuineIntel



---------------  S Y S T E M  ---------------

OS: Windows 10.0 , 64 bit Build 17134 (10.0.17134.1)

CPU:total 4 (initial active 4) (2 cores per cpu, 2 threads per core) family 6 model 61 stepping 4, cmov, cx8, fxsr, mmx, sse, sse2, sse3, ssse3, sse4.1, sse4.2, popcnt, avx, avx2, aes, clmul, erms, 3dnowpref, lzcnt, ht, tsc, tscinvbit, bmi1, bmi2, adx

Memory: 4k page, physical 8301008k(1679236k free), swap 8301008k(4324k free)

vm_info: OpenJDK 64-Bit Server VM (25.152-b02) for windows-amd64 JRE (1.8.0_152-release-1024-b02), built by "builder" with MS VC++ 10.0 (VS2010)

time: Sat Aug 04 20:28:49 2018
elapsed time: 16 seconds (0d 0h 0m 16s)

